<?xml version="1.0" encoding="UTF-8"?>
<robot generator="Robot 6.1.1 (Python 3.10.9 on win32)" generated="20231115 02:29:09.455" rpa="false" schemaversion="4">
<suite id="s1" name="Main" source="c:\Users\Acern\ecommerce-test\backend_test\test\main.robot">
<test id="s1-t1" name="Test de connection à la base de données" line="11">
<kw name="Connect To Database Using Custom Params" library="DatabaseLibrary">
<arg>pymysql</arg>
<arg>database='${db}',user='root', password='',host='127.0.0.1'</arg>
<doc>Loads the DB API 2.0 module given `dbapiModuleName` then uses it to
connect to the database using the map string `db_connect_string`
(parsed as a list of named arguments).</doc>
<msg timestamp="20231115 02:29:10.656" level="INFO">Executing : Connect To Database Using Custom Params : pymysql.connect(db_api_2.connect(database='ecommerceweb',user='root', password=***,host='127.0.0.1')) </msg>
<status status="PASS" starttime="20231115 02:29:10.491" endtime="20231115 02:29:10.662"/>
</kw>
<status status="PASS" starttime="20231115 02:29:10.485" endtime="20231115 02:29:10.668"/>
</test>
<test id="s1-t2" name="Test de recuperation de la listes des produits" line="13">
<kw name="Query" library="DatabaseLibrary">
<var>${produit}</var>
<arg>select * from tbl_product</arg>
<doc>Uses the input `selectStatement` to query for the values that will be returned as a list of tuples. Set optional
input `sansTran` to True to run command without an explicit transaction commit or rollback.
Set optional input `returnAsDict` to True to return values as a list of dictionaries.</doc>
<msg timestamp="20231115 02:29:10.728" level="INFO">Executing : Query  |  select * from tbl_product </msg>
<msg timestamp="20231115 02:29:10.744" level="INFO">${produit} = ((83, "Men's Ultra Cotton T-Shirt, Multipack", '26', '19', 55, 'product-featured-83.jpg', '&lt;p style="list-style: disc; overflow-wrap: break-word; margin: 0px;"&gt;&lt;span class="a-list-item" style="overflo...</msg>
<status status="PASS" starttime="20231115 02:29:10.725" endtime="20231115 02:29:10.745"/>
</kw>
<kw name="Log Many" library="BuiltIn">
<arg>${produit}</arg>
<doc>Logs the given messages as separate entries using the INFO level.</doc>
<msg timestamp="20231115 02:29:10.752" level="INFO">((83, "Men's Ultra Cotton T-Shirt, Multipack", '26', '19', 55, 'product-featured-83.jpg', '&lt;p style="list-style: disc; overflow-wrap: break-word; margin: 0px;"&gt;&lt;span class="a-list-item" style="overflow-wrap: break-word; display: block;"&gt;Solids: 100% Cotton; Sport Grey And Antique Heather: 90% Cotton, 10% Polyester; Safety Colors And Heather: 50% Cotton, 50% Polyester.&lt;/span&gt;&lt;/p&gt;&lt;p style="list-style: disc; overflow-wrap: break-word; margin: 0px;"&gt;&lt;span class="a-list-item" style="overflow-wrap: break-word; display: block;"&gt;Available in 2 packs and a wide array of colors so you can stock up on your favorite.&lt;/span&gt;&lt;/p&gt;', '&lt;p&gt;&lt;span style="color: rgb(15, 17, 17); font-family: "Amazon Ember", Arial, sans-serif; font-size: 14px;"&gt;Style 20020-Multipack; Solids: 100% Cotton.&lt;/span&gt;&lt;br&gt;&lt;/p&gt;', '&lt;ul&gt;&lt;li style="list-style: disc; overflow-wrap: break-word; margin: 0px;"&gt;&lt;span class="a-list-item" style="overflow-wrap: break-word; display: block; font-family: Arial;"&gt;Pull On closure&lt;/span&gt;&lt;/li&gt;&lt;li style="list-style: disc; overflow-wrap: break-word; margin: 0px;"&gt;&lt;span class="a-list-item" style="overflow-wrap: break-word; display: block; font-family: Arial;"&gt;Machine Wash&lt;/span&gt;&lt;/li&gt;&lt;li style="list-style: disc; overflow-wrap: break-word; margin: 0px;"&gt;&lt;span class="a-list-item" style="overflow-wrap: break-word; display: block; font-family: Arial;"&gt;Longer dropped shoulder, straighter armhole, and wider, shorter sleeves&lt;/span&gt;&lt;/li&gt;&lt;li style="list-style: disc; overflow-wrap: break-word; margin: 0px;"&gt;&lt;span class="a-list-item" style="overflow-wrap: break-word; display: block; font-family: Arial;"&gt;Double-stitching at the hems to make it built to last&lt;/span&gt;&lt;/li&gt;&lt;li style="list-style: disc; overflow-wrap: break-word; margin: 0px;"&gt;&lt;span class="a-list-item" style="overflow-wrap: break-word; display: block; font-family: Arial;"&gt;Thick and hefty fabric&lt;/span&gt;&lt;/li&gt;&lt;li style="list-style: disc; overflow-wrap: break-word; margin: 0px;"&gt;&lt;span class="a-list-item" style="overflow-wrap: break-word; display: block; font-family: Arial;"&gt;Tear away tag&lt;/span&gt;&lt;/li&gt;&lt;/ul&gt;', '&lt;p&gt;This is a sample text for conditions.&lt;/p&gt;', '&lt;p&gt;&lt;span style="color: rgb(32, 33, 36); font-family: arial, sans-serif; font-size: 16px;"&gt;Offers aÂ\xa0&lt;/span&gt;&lt;span style="color: rgb(32, 33, 36); font-family: arial, sans-serif; font-size: 16px;"&gt;15 to 30-day window&lt;/span&gt;&lt;span style="color: rgb(32, 33, 36); font-family: arial, sans-serif; font-size: 16px;"&gt;Â\xa0in which customers can return a product and ask for a refund. Some businesses extend that period up to 90 days. Regardless of the time frame you choose, ensuring that you actually have a time frame is essential.&lt;/span&gt;&lt;br&gt;&lt;/p&gt;', 3, 0, 1, 21), (84, 'Loose-fit One-Shoulder Cutout Rib Knit Maxi Dress', '51', '39', 26, 'product-featured-84.jpg', 'A&amp;nbsp;&lt;span style="color: rgb(51, 51, 51); font-family: &amp;quot;Amazon Ember&amp;quot;, Arial, sans-serif; font-size: small;"&gt;source for must-have style inspiration from global influencers. Shop limited-edition collections and discover chic wardrobe essentials. Look out for trend inspiration, exclusive brand collaborations, and expert styling tips from those in the know.&lt;/span&gt;', '&lt;p style="list-style: disc; overflow-wrap: break-word; margin: 0px;"&gt;&lt;span class="a-list-item" style="overflow-wrap: break-word; display: block;"&gt;86% Tencel, 14% Elastane&lt;/span&gt;&lt;/p&gt;', '&lt;ul&gt;&lt;li style="list-style: disc; overflow-wrap: break-word; margin: 0px;"&gt;&lt;span class="a-list-item" style="overflow-wrap: break-word; display: block;"&gt;Machine Wash&lt;/span&gt;&lt;/li&gt;&lt;li style="list-style: disc; overflow-wrap: break-word; margin: 0px;"&gt;&lt;span class="a-list-item" style="overflow-wrap: break-word; display: block;"&gt;Staples by The Drop&lt;/span&gt;&lt;/li&gt;&lt;li style="list-style: disc; overflow-wrap: break-word; margin: 0px;"&gt;&lt;span class="a-list-item" style="overflow-wrap: break-word; display: block;"&gt;This maxi dress measures 48"/122 cm long&lt;/span&gt;&lt;/li&gt;&lt;li style="list-style: disc; overflow-wrap: break-word; margin: 0px;"&gt;&lt;span class="a-list-item" style="overflow-wrap: break-word; display: block;"&gt;Loose-Fit: designed for comfort&lt;/span&gt;&lt;/li&gt;&lt;li style="list-style: disc; overflow-wrap: break-word; margin: 0px;"&gt;&lt;span class="a-list-item" style="overflow-wrap: break-word; display: block;"&gt;A subtle twist cutout adds a touch of romance to this minimal one-shoulder flowy maxi dress silhouette, cut from a lightweight Tencel blend ribbed knit. Belt the waist for added shape and a pop of color&lt;/span&gt;&lt;/li&gt;&lt;/ul&gt;', '&lt;p&gt;&lt;span style="color: rgb(51, 51, 51); font-size: 14px;"&gt;This is a sample text for conditions.&lt;/span&gt;&lt;br&gt;&lt;/p&gt;', '&lt;p&gt;&lt;span style="margin: 0px; padding: 0px; color: rgb(32, 33, 36); font-family: arial, sans-serif; font-size: 16px;"&gt;Offers a&amp;nbsp;&lt;/span&gt;&lt;span style="margin: 0px; padding: 0px; color: rgb(32, 33, 36); font-family: arial, sans-serif; font-size: 16px;"&gt;15 to 30-day window&lt;/span&gt;&lt;span style="margin: 0px; padding: 0px; color: rgb(32, 33, 36); font-family: arial, sans-serif; font-size: 16px;"&gt;&amp;nbsp;in which customers can return a product and ask for a refund. Some businesses extend that period up to 90 days. Regardless of the time frame you choose, ensuring that you actually have a time frame is essential.&lt;/span&gt;&lt;br&gt;&lt;/p&gt;', 88, 1, 1, 32), (85, "Men's Soft Classic Sneaker", '110', '91', 32, 'product-featured-85.jpg', '&lt;p&gt;&lt;span style="color: rgb(51, 51, 51); font-family: "Amazon Ember", Arial, sans-serif; font-size: small;"&gt;Brings a formal leather finish to a laidback silhouette in a shoe that delivers equally on quality and comfort The metal eyelets and contrasting heel patch balance out the style\'s sleek uniformity Wear yours with jeans an Oxford shirt and a blazer.&lt;/span&gt;&lt;br&gt;&lt;/p&gt;', '&lt;p style="list-style: disc; overflow-wrap: break-word; margin: 0px;"&gt;&lt;span class="a-list-item" style="overflow-wrap: break-word; display: block;"&gt;Synthetic sole, Secure fit.&lt;/span&gt;&lt;/p&gt;', '&lt;ul class="a-unordered-list a-vertical a-spacing-mini" style="margin-right: 0px; margin-bottom: 0px; margin-left: 18px; color: rgb(15, 17, 17); padding: 0px; font-family: "Amazon Ember", Arial, sans-serif; font-size: 14px;"&gt;&lt;li style="list-style: disc; overflow-wrap: break-word; margin: 0px;"&gt;&lt;span class="a-list-item" style="overflow-wrap: break-word; display: block;"&gt;Crafted in either hand-finished crust leather or brushed nubuck made in our own tanneries&lt;/span&gt;&lt;/li&gt;&lt;li style="list-style: disc; overflow-wrap: break-word; margin: 0px;"&gt;&lt;span class="a-list-item" style="overflow-wrap: break-word; display: block;"&gt;Textile lining and molded removable insole offer softness and breathability&lt;/span&gt;&lt;/li&gt;&lt;li style="list-style: disc; overflow-wrap: break-word; margin: 0px;"&gt;&lt;span class="a-list-item" style="overflow-wrap: break-word; display: block;"&gt;Lightweight sole provides cushioning grip and flexibility using innovative ECCO FluidForm Direct Comfort Technology&lt;/span&gt;&lt;/li&gt;&lt;li style="list-style: disc; overflow-wrap: break-word; margin: 0px;"&gt;&lt;span class="a-list-item" style="overflow-wrap: break-word; display: block;"&gt;Textile laces are easily adjusted for a secure fit&lt;/span&gt;&lt;/li&gt;&lt;li style="list-style: disc; overflow-wrap: break-word; margin: 0px;"&gt;&lt;span class="a-list-item" style="overflow-wrap: break-word; display: block;"&gt;A full anatomical last shape provides a supremely comfortable fit&lt;/span&gt;&lt;/li&gt;&lt;/ul&gt;', '&lt;p&gt;&lt;span style="color: rgb(51, 51, 51); font-size: 14px;"&gt;This is a sample text for conditions.&lt;/span&gt;&lt;br&gt;&lt;/p&gt;', '&lt;p&gt;&lt;span style="margin: 0px; padding: 0px; color: rgb(32, 33, 36); font-family: arial, sans-serif; font-size: 16px;"&gt;Offers aÂ\xa0&lt;/span&gt;&lt;span style="margin: 0px; padding: 0px; color: rgb(32, 33, 36); font-family: arial, sans-serif; font-size: 16px;"&gt;15 to 30-day window&lt;/span&gt;&lt;span style="margin: 0px; padding: 0px; color: rgb(32, 33, 36); font-family: arial, sans-serif; font-size: 16px;"&gt;Â\xa0in which customers can return a product and ask for a refund. Some businesses extend that period up to 90 days. Regardless of the time frame you choose, ensuring that you actually have a time frame is essential.&lt;/span&gt;&lt;br&gt;&lt;/p&gt;', 5, 0, 1, 25), (86, 'Amazfit GTS 3 Smart Watch for Android iPhone', '199', '179', 32, 'product-featured-86.jpg', '&lt;p style="padding: 0px; margin-top: 0px; text-rendering: optimizelegibility; margin-bottom: 0px !important; line-height: 32px !important;"&gt;Amazfit GTS 3 is the most powerful, easy-to-use smartwatch that combining cutting-edge health &amp;amp; fitness features and a fashionable slim &amp;amp; light design. The smartwatch adopts a 1.75-inch ultra HD AMOLED display which has increased by 14% compared with the previous generation and boasts a 72.4% screen-to-body ratio that\'s among the highest in the smartwatch industry. Match your mood, an outfit or the occasion with a wide selection of more than 100 stylish watch faces - or even upload your own photo as the background image for true personalization. Thanks to the advanced 6PD (six photodiodes) BioTrackerâ„¢ PPG 3.0 biometric sensor, GTS 3 can track your heart rate, blood-oxygen saturation, stress level and breathing rate in one single tap of the watch, for a result in as little as 45 seconds. And Its health management features also includes in-depth monitoring of sleep &amp;amp; sleep breathing quality and female cycle tracking. This sports watch is your next-level fitness partner with 150+ sports modes, smart recognition of 8 sports, and a water-resistance grade of 5 ATM. Comes with Alexa built-in and an offline voice assistant to liberate your hands, and supports GPS, GLONASS, Galileo, BDS and QZSS satellite navigation systems to accurately track your route. Super endurance that won\'t let you down, it can last for up to 12 days with typical usage and 20 days with battery saver mode. Compatible with Android 7.0 and above, iOS 12.0 and above device.&lt;br&gt;&lt;/p&gt;', '&lt;p style="padding: 0px; margin-top: 0px; text-rendering: optimizelegibility; margin-bottom: 0px !important; line-height: 32px !important;"&gt;&lt;span id="productTitle" class="a-size-large product-title-word-break" style="text-rendering: optimizelegibility; word-break: break-word; line-height: 32px !important; font-family: Roboto;"&gt;Alexa Built-in, GPS Fitness Sports Watch with 150 Sports Modes, 1.75â€\x9d AMOLED Display, 12-Day Battery Life, Blood Oxygen Heart Rate Tracking&lt;/span&gt;&lt;/p&gt;', '&lt;ul&gt;&lt;li&gt;Smart 24H Monitoring of Blood-oxygen Levels&lt;/li&gt;&lt;li&gt;Monitor Heart Rate All Day &amp;amp; While Swimming&lt;/li&gt;&lt;li&gt;A Simple Health Overview with PAI Health Assessment&lt;/li&gt;&lt;li&gt;In-depth Monitoring of Sleep &amp;amp; Sleep Breathing Quality&lt;/li&gt;&lt;li&gt;Stress Level Monitoring &amp;amp; Measurement&lt;/li&gt;&lt;li&gt;Female Cycle Tracking&lt;/li&gt;&lt;li&gt;&lt;span style="color: rgb(15, 17, 17); font-family: &amp;quot;Amazon Ember&amp;quot;, Arial, sans-serif; font-size: 14px;"&gt;Alexa Built in&lt;/span&gt;&lt;/li&gt;&lt;li&gt;&lt;span style="color: rgb(15, 17, 17); font-family: &amp;quot;Amazon Ember&amp;quot;, Arial, sans-serif; font-size: 14px;"&gt;12-Day battery life&lt;br&gt;&lt;/span&gt;&lt;span style="color: rgb(15, 17, 17); font-family: &amp;quot;Amazon Ember&amp;quot;, Arial, sans-serif; font-size: 14px; font-weight: 700;"&gt;&lt;br&gt;&lt;/span&gt;&lt;span style="color: rgb(15, 17, 17); font-family: &amp;quot;Amazon Ember&amp;quot;, Arial, sans-serif; font-size: 14px; font-weight: 700;"&gt;&lt;br&gt;&lt;/span&gt;&lt;br&gt;&lt;/li&gt;&lt;/ul&gt;', '&lt;p&gt;&lt;span style="color: rgb(51, 51, 51); font-size: 14px;"&gt;This is a sample text for conditions.&lt;/span&gt;&lt;br&gt;&lt;/p&gt;', '&lt;p&gt;&lt;span style="margin: 0px; padding: 0px; color: rgb(32, 33, 36); font-family: arial, sans-serif; font-size: 16px;"&gt;Offers a&amp;nbsp;&lt;/span&gt;&lt;span style="margin: 0px; padding: 0px; color: rgb(32, 33, 36); font-family: arial, sans-serif; font-size: 16px;"&gt;15 to 30-day window&lt;/span&gt;&lt;span style="margin: 0px; padding: 0px; color: rgb(32, 33, 36); font-family: arial, sans-serif; font-size: 16px;"&gt;&amp;nbsp;in which customers can return a product and ask for a refund. Some businesses extend that period up to 90 days. Regardless of the time frame you choose, ensuring that you actually have a time frame is essential.&lt;/span&gt;&lt;br&gt;&lt;/p&gt;', 9, 1, 1, 3), (87, 'Truck Boys Pajamas Toddler Sleepwear Clothes', '59', '37', 68, 'product-featured-87.jpg', '&lt;p style="padding: 0px; margin-bottom: 14px; color: rgb(15, 17, 17); font-family: "Amazon Ember", Arial, sans-serif; font-size: 14px;"&gt;&lt;span class="a-text-bold" style=""&gt;Airplane Pajamas:&lt;/span&gt;&lt;/p&gt;&lt;p style="padding: 0px; margin-bottom: 14px; color: rgb(15, 17, 17); font-family: "Amazon Ember", Arial, sans-serif; font-size: 14px;"&gt;Wide crew neckline, elastic waistband and stretchable material make them easily skip on/off. Breathable, moisture absorbent material and pants set design help kids to lose heat faster and keep warm in cool day&lt;/p&gt;&lt;p style="padding: 0px; margin-bottom: 14px; color: rgb(15, 17, 17); font-family: "Amazon Ember", Arial, sans-serif; font-size: 14px;"&gt;Great set with colorful cartoon pattern, sporty and stylish, suitable for both sleepwear and daily wear, especially for school pajamas day&lt;/p&gt;', 'T shirt Pants set for Kids Size 1Y - 14Y', '&lt;p&gt;&lt;/p&gt;&lt;p&gt;&lt;ul class="a-unordered-list a-vertical a-spacing-mini" style="margin-right: 0px; margin-bottom: 0px; margin-left: 18px; color: rgb(15, 17, 17); padding: 0px; font-family: "Amazon Ember", Arial, sans-serif; font-size: 14px;"&gt;&lt;ul&gt;&lt;/ul&gt;&lt;/ul&gt;&lt;ul class="a-unordered-list a-vertical a-spacing-mini" style="margin-right: 0px; margin-bottom: 0px; margin-left: 18px; color: rgb(15, 17, 17); padding: 0px; font-family: "Amazon Ember", Arial, sans-serif; font-size: 14px;"&gt;&lt;ul&gt;&lt;/ul&gt;&lt;/ul&gt;&lt;ul class="a-unordered-list a-vertical a-spacing-mini" style="margin-right: 0px; margin-bottom: 0px; margin-left: 18px; color: rgb(15, 17, 17); padding: 0px; font-family: "Amazon Ember", Arial, sans-serif; font-size: 14px;"&gt;&lt;ul&gt;&lt;/ul&gt;&lt;/ul&gt;&lt;ul class="a-unordered-list a-vertical a-spacing-mini" style="margin-right: 0px; margin-bottom: 0px; margin-left: 18px; color: rgb(15, 17, 17); padding: 0px; font-family: "Amazon Ember", Arial, sans-serif; font-size: 14px;"&gt;&lt;ul&gt;&lt;/ul&gt;&lt;/ul&gt;&lt;ul class="a-unordered-list a-vertical a-spacing-mini" style="margin-right: 0px; margin-bottom: 0px; margin-left: 18px; color: rgb(15, 17, 17); padding: 0px; font-family: "Amazon Ember", Arial, sans-serif; font-size: 14px;"&gt;&lt;ul&gt;&lt;/ul&gt;&lt;/ul&gt;&lt;/p&gt;&lt;ul&gt;&lt;li style="list-style: disc; overflow-wrap: break-word; margin: 0px;"&gt;&lt;span class="a-list-item" style="overflow-wrap: break-word; display: block;"&gt;SUPER COZY PAJAMAS SET - Both the top and bottoms are made of 100% natural cotton, extremely soft, comfortable and keep cool in summer&lt;/span&gt;&lt;/li&gt;&lt;li style="list-style: disc; overflow-wrap: break-word; margin: 0px;"&gt;&lt;span class="a-list-item" style="overflow-wrap: break-word; display: block;"&gt;ADORABLE PATTERN - Super cool airplane and space cartoon pattern on the top, a lot of little airplane prints on the bottom, boys favorite&lt;/span&gt;&lt;/li&gt;&lt;li style="list-style: disc; overflow-wrap: break-word; margin: 0px;"&gt;&lt;span class="a-list-item" style="overflow-wrap: break-word; display: block;"&gt;CONSIDERATE DESIGN - Casual wide neckline, heat-sale label at the collar, relaxed straight legs, allow for unrestricted movement and a better sleep&lt;/span&gt;&lt;/li&gt;&lt;li style="list-style: disc; overflow-wrap: break-word; margin: 0px;"&gt;&lt;span class="a-list-item" style="overflow-wrap: break-word; display: block;"&gt;EASY CARE - As the durable and high quality material, simply machine wash or hand wash in mild water&lt;/span&gt;&lt;/li&gt;&lt;li style="list-style: disc; overflow-wrap: break-word; margin: 0px;"&gt;&lt;span class="a-list-item" style="overflow-wrap: break-word; display: block;"&gt;SNUGLY FITTED - As the snugly fitted design and shrinkable cotton material, youÂ¡Â¯d better consider one or two bigger size&lt;/span&gt;&lt;/li&gt;&lt;/ul&gt;', '&lt;p&gt;&lt;span style="color: rgb(51, 51, 51); font-size: 14px;"&gt;This is a sample text for conditions.&lt;/span&gt;&lt;br&gt;&lt;/p&gt;', '&lt;p&gt;&lt;span style="margin: 0px; padding: 0px; color: rgb(32, 33, 36); font-family: arial, sans-serif; font-size: 16px;"&gt;Offers aÂ\xa0&lt;/span&gt;&lt;span style="margin: 0px; padding: 0px; color: rgb(32, 33, 36); font-family: arial, sans-serif; font-size: 16px;"&gt;15 to 30-day window&lt;/span&gt;&lt;span style="margin: 0px; padding: 0px; color: rgb(32, 33, 36); font-family: arial, sans-serif; font-size: 16px;"&gt;Â\xa0in which customers can return a product and ask for a refund. Some businesses extend that period up to 90 days. Regardless of the time frame you choose, ensuring that you actually have a time frame is essential.&lt;/span&gt;&lt;br&gt;&lt;/p&gt;', 2, 0, 1, 26), (88, "Under Armour Men's Sportstyle Left Chest Short Sleeve T-shirt", '108', '83', 59, 'product-featured-88.jpg', '&lt;p&gt;&lt;span style="color: rgb(51, 51, 51); font-family: "Amazon Ember", Arial, sans-serif; font-size: small;"&gt;Super-soft, cotton-blend fabric provides all-day comfort.&lt;/span&gt;&lt;br&gt;&lt;/p&gt;', '&lt;p style="list-style: disc; overflow-wrap: break-word; margin: 0px;"&gt;&lt;span class="a-list-item" style="overflow-wrap: break-word; display: block;"&gt;Loose:Â\xa0Fuller cut for complete comfort.&lt;/span&gt;&lt;/p&gt;', '&lt;ul class="a-unordered-list a-vertical a-spacing-mini" style="margin-right: 0px; margin-bottom: 0px; margin-left: 18px; color: rgb(15, 17, 17); padding: 0px; font-family: "Amazon Ember", Arial, sans-serif; font-size: 14px;"&gt;&lt;li style="list-style: disc; overflow-wrap: break-word; margin: 0px;"&gt;&lt;span class="a-list-item" style="overflow-wrap: break-word; display: block;"&gt;Super-soft, cotton-blend fabric provides all-day comfort&lt;/span&gt;&lt;/li&gt;&lt;li style="list-style: disc; overflow-wrap: break-word; margin: 0px;"&gt;&lt;span class="a-list-item" style="overflow-wrap: break-word; display: block;"&gt;Loose:Â\xa0Fuller cut for complete comfort.&lt;/span&gt;&lt;/li&gt;&lt;/ul&gt;', '&lt;p&gt;&lt;span style="color: rgb(51, 51, 51); font-size: 14px;"&gt;This is a sample text for conditions.&lt;/span&gt;&lt;br&gt;&lt;/p&gt;', '&lt;p&gt;&lt;span style="margin: 0px; padding: 0px; color: rgb(32, 33, 36); font-family: arial, sans-serif; font-size: 16px;"&gt;Offers aÂ\xa0&lt;/span&gt;&lt;span style="margin: 0px; padding: 0px; color: rgb(32, 33, 36); font-family: arial, sans-serif; font-size: 16px;"&gt;15 to 30-day window&lt;/span&gt;&lt;span style="margin: 0px; padding: 0px; color: rgb(32, 33, 36); font-family: arial, sans-serif; font-size: 16px;"&gt;Â\xa0in which customers can return a product and ask for a refund. Some businesses extend that period up to 90 days. Regardless of the time frame you choose, ensuring that you actually have a time frame is essential.&lt;/span&gt;&lt;br&gt;&lt;/p&gt;', 4, 0, 1, 21), (89, "Men's Fleece Jogger Pant", '58', '37', 110, 'product-featured-89.jpg', '&lt;p&gt;&lt;span style="color: rgb(51, 51, 51); font-family: "Amazon Ember", Arial, sans-serif; font-size: small;"&gt;A relaxed leg and elastic waistband bring lounge-ready style to this classic casual pant&lt;/span&gt;&lt;br&gt;&lt;/p&gt;', '&lt;p style="list-style: disc; overflow-wrap: break-word; margin: 0px;"&gt;&lt;span class="a-list-item" style="overflow-wrap: break-word; display: block;"&gt;A relaxed leg and elastic, drawstring waistband bring lounge-ready style to this classic casual pant&lt;/span&gt;&lt;/p&gt;', '&lt;ul class="a-unordered-list a-vertical a-spacing-mini" style="margin-right: 0px; margin-bottom: 0px; margin-left: 18px; color: rgb(15, 17, 17); padding: 0px; font-family: "Amazon Ember", Arial, sans-serif; font-size: 14px;"&gt;&lt;li style="list-style: disc; overflow-wrap: break-word; margin: 0px;"&gt;&lt;span class="a-list-item" style="overflow-wrap: break-word; display: block;"&gt;Elastic cuffs at ankle and on-seam side pockets&lt;/span&gt;&lt;/li&gt;&lt;li style="list-style: disc; overflow-wrap: break-word; margin: 0px;"&gt;&lt;span class="a-list-item" style="overflow-wrap: break-word; display: block;"&gt;Everyday made better: we listen to customer feedback and fine-tune every detail to ensure quality, fit, and comfort&lt;/span&gt;&lt;/li&gt;&lt;/ul&gt;', '&lt;p&gt;&lt;span style="color: rgb(51, 51, 51); font-size: 14px;"&gt;This is a sample text for conditions.&lt;/span&gt;&lt;br&gt;&lt;/p&gt;', '&lt;p&gt;&lt;span style="margin: 0px; padding: 0px; color: rgb(32, 33, 36); font-family: arial, sans-serif; font-size: 16px;"&gt;Offers aÂ\xa0&lt;/span&gt;&lt;span style="margin: 0px; padding: 0px; color: rgb(32, 33, 36); font-family: arial, sans-serif; font-size: 16px;"&gt;15 to 30-day window&lt;/span&gt;&lt;span style="margin: 0px; padding: 0px; color: rgb(32, 33, 36); font-family: arial, sans-serif; font-size: 16px;"&gt;Â\xa0in which customers can return a product and ask for a refund. Some businesses extend that period up to 90 days. Regardless of the time frame you choose, ensuring that you actually have a time frame is essential.&lt;/span&gt;&lt;br&gt;&lt;/p&gt;', 1, 0, 1, 18), (90, "Women's Thin Cotton Zip Up Hoodie Jacket", '43', '32', 64, 'product-featured-90.jpg', '&lt;p&gt;&lt;span style="color: rgb(15, 17, 17); font-family: "Amazon Ember", Arial, sans-serif; font-size: 14px;"&gt;Made with quality thin cotton material, this casual style zip-up hoodie is perfect for when you want extra protection without having a bulky jacket on or to keep up with your active lifestyle. Comfortable, flattering, and functional. Itâ€™s perfect for when you need to get things done.&lt;/span&gt;&lt;br&gt;&lt;/p&gt;', '&lt;p&gt;CASUAL &amp; COMFY&lt;br&gt;&lt;/p&gt;', '&lt;ul class="a-unordered-list a-vertical a-spacing-mini" style="margin-right: 0px; margin-bottom: 0px; margin-left: 18px; color: rgb(15, 17, 17); padding: 0px; font-family: "Amazon Ember", Arial, sans-serif; font-size: 14px;"&gt;&lt;li style="list-style: disc; overflow-wrap: break-word; margin: 0px;"&gt;&lt;span class="a-list-item" style="overflow-wrap: break-word; display: block;"&gt;Full zip up closure with pockets&lt;/span&gt;&lt;/li&gt;&lt;li style="list-style: disc; overflow-wrap: break-word; margin: 0px;"&gt;&lt;span class="a-list-item" style="overflow-wrap: break-word; display: block;"&gt;The perfect year-long hoodie&lt;/span&gt;&lt;/li&gt;&lt;li style="list-style: disc; overflow-wrap: break-word; margin: 0px;"&gt;&lt;span class="a-list-item" style="overflow-wrap: break-word; display: block;"&gt;Uniquely thin design&lt;/span&gt;&lt;/li&gt;&lt;li style="list-style: disc; overflow-wrap: break-word; margin: 0px;"&gt;&lt;span class="a-list-item" style="overflow-wrap: break-word; display: block;"&gt;Pullover Series also available&lt;/span&gt;&lt;/li&gt;&lt;li style="list-style: disc; overflow-wrap: break-word; margin: 0px;"&gt;&lt;span class="a-list-item" style="overflow-wrap: break-word; display: block;"&gt;Model is 5\' 7" with 34-25-36 measurement.&lt;/span&gt;&lt;/li&gt;&lt;/ul&gt;', '&lt;p&gt;&lt;span style="color: rgb(51, 51, 51); font-size: 14px;"&gt;This is a sample text for conditions.&lt;/span&gt;&lt;br&gt;&lt;/p&gt;', '&lt;p&gt;&lt;span style="margin: 0px; padding: 0px; color: rgb(32, 33, 36); font-family: arial, sans-serif; font-size: 16px;"&gt;Offers aÂ\xa0&lt;/span&gt;&lt;span style="margin: 0px; padding: 0px; color: rgb(32, 33, 36); font-family: arial, sans-serif; font-size: 16px;"&gt;15 to 30-day window&lt;/span&gt;&lt;span style="margin: 0px; padding: 0px; color: rgb(32, 33, 36); font-family: arial, sans-serif; font-size: 16px;"&gt;Â\xa0in which customers can return a product and ask for a refund. Some businesses extend that period up to 90 days. Regardless of the time frame you choose, ensuring that you actually have a time frame is essential.&lt;/span&gt;&lt;br&gt;&lt;/p&gt;', 4, 0, 1, 14), (91, "Women's Oversized Fleece Hoodie", '68', '56', 41, 'product-featured-91.jpg', '&lt;p style="list-style: disc; overflow-wrap: break-word; margin: 0px;"&gt;&lt;span class="a-list-item" style="overflow-wrap: break-word; display: block;"&gt;Oversized silhouette for maximum comfort and quality layering&lt;/span&gt;&lt;/p&gt;', '&lt;p&gt;&lt;span style="color: rgb(51, 51, 51); font-family: "Amazon Ember", Arial, sans-serif; font-size: small;"&gt;Built for her lifestyle.&lt;/span&gt;&lt;br&gt;&lt;/p&gt;', '&lt;ul class="a-unordered-list a-vertical a-spacing-mini" style="margin-right: 0px; margin-bottom: 0px; margin-left: 18px; color: rgb(15, 17, 17); padding: 0px; font-family: "Amazon Ember", Arial, sans-serif; font-size: 14px;"&gt;&lt;li style="list-style: disc; overflow-wrap: break-word; margin: 0px;"&gt;&lt;span class="a-list-item" style="overflow-wrap: break-word; display: block;"&gt;Oversized silhouette for maximum comfort and quality layering&lt;/span&gt;&lt;/li&gt;&lt;li style="list-style: disc; overflow-wrap: break-word; margin: 0px;"&gt;&lt;span class="a-list-item" style="overflow-wrap: break-word; display: block;"&gt;Soft and warm fleece for ultimate comfort and wearability&lt;/span&gt;&lt;/li&gt;&lt;/ul&gt;', '&lt;p&gt;&lt;span style="color: rgb(51, 51, 51); font-size: 14px;"&gt;This is a sample text for conditions.&lt;/span&gt;&lt;br&gt;&lt;/p&gt;', '&lt;p&gt;&lt;span style="margin: 0px; padding: 0px; color: rgb(32, 33, 36); font-family: arial, sans-serif; font-size: 16px;"&gt;Offers aÂ\xa0&lt;/span&gt;&lt;span style="margin: 0px; padding: 0px; color: rgb(32, 33, 36); font-family: arial, sans-serif; font-size: 16px;"&gt;15 to 30-day window&lt;/span&gt;&lt;span style="margin: 0px; padding: 0px; color: rgb(32, 33, 36); font-family: arial, sans-serif; font-size: 16px;"&gt;Â\xa0in which customers can return a product and ask for a refund. Some businesses extend that period up to 90 days. Regardless of the time frame you choose, ensuring that you actually have a time frame is essential.&lt;/span&gt;&lt;br&gt;&lt;/p&gt;', 3, 0, 1, 14), (92, 'Travelpro Laptop Carry-on Travel Tote Bag', '110', '91', 29, 'product-featured-92.jpg', '&lt;p&gt;&lt;span style="color: rgb(51, 51, 51); font-family: "Amazon Ember", Arial, sans-serif; font-size: small;"&gt;Everything she needs in one perfect bag! It delivers big on performance in a compact, lightweight carry-on. Organization is effortless with interior pockets for everything from power cords and back-up batteries to cosmetics and accessories. Padded laptop and tablet sleeves keep your electronics protected, while a quick-access front pocket with magnetic closure is ideal for storing a cell phone, keys or other necessities. There is even a side pocket perfect for a water bottle, compact umbrella, gloves or other convenience. A rear strap lets you Stack this bag on a spinner or Rollaboard for hands-free mobility.&lt;/span&gt;&lt;br&gt;&lt;/p&gt;', '&lt;p&gt;Padded laptop (up to 14â€\x9d) and tablet sleeves offer protection for electronics.&lt;br&gt;&lt;/p&gt;', '&lt;ul class="a-unordered-list a-vertical a-spacing-mini" style="margin-right: 0px; margin-bottom: 0px; margin-left: 18px; color: rgb(15, 17, 17); padding: 0px; font-family: "Amazon Ember", Arial, sans-serif; font-size: 14px;"&gt;&lt;li style="list-style: disc; overflow-wrap: break-word; margin: 0px;"&gt;&lt;span class="a-list-item" style="overflow-wrap: break-word; display: block;"&gt;Polyester&lt;/span&gt;&lt;/li&gt;&lt;li style="list-style: disc; overflow-wrap: break-word; margin: 0px;"&gt;&lt;span class="a-list-item" style="overflow-wrap: break-word; display: block;"&gt;Imported&lt;/span&gt;&lt;/li&gt;&lt;li style="list-style: disc; overflow-wrap: break-word; margin: 0px;"&gt;&lt;span class="a-list-item" style="overflow-wrap: break-word; display: block;"&gt;Padded laptop (up to 14â€\x9d) and tablet sleeves offer protection for electronics. Organizational pockets store power cords, powerbanks and other essentials&lt;/span&gt;&lt;/li&gt;&lt;li style="list-style: disc; overflow-wrap: break-word; margin: 0px;"&gt;&lt;span class="a-list-item" style="overflow-wrap: break-word; display: block;"&gt;Quick access, magnetic front pocket is ideal for storing a cell phone or other essentials. Exterior side pocket holds a water bottle, compact umbrella or other accessories&lt;/span&gt;&lt;/li&gt;&lt;li style="list-style: disc; overflow-wrap: break-word; margin: 0px;"&gt;&lt;span class="a-list-item" style="overflow-wrap: break-word; display: block;"&gt;Polyester fabric with DuraGuard coating resists water and stains to keep luggage looking great. Unobtrusive rear strap fits around the extension handle of a Rollaboard or spinner suitcase for secure stacking and hands-free mobility&lt;/span&gt;&lt;/li&gt;&lt;li style="list-style: disc; overflow-wrap: break-word; margin: 0px;"&gt;&lt;span class="a-list-item" style="overflow-wrap: break-word; display: block;"&gt;Ergonomic, high-tensile-strength zipper pulls are tough yet easy on the hands&lt;/span&gt;&lt;/li&gt;&lt;li style="list-style: disc; overflow-wrap: break-word; margin: 0px;"&gt;&lt;span class="a-list-item" style="overflow-wrap: break-word; display: block;"&gt;Backed by Travelpro Built For A Lifetime Limited Warranty. Dimensions: 11 x 21x 5 inches weight: 1.4 lbs&lt;/span&gt;&lt;/li&gt;&lt;/ul&gt;', '&lt;p&gt;&lt;span style="color: rgb(51, 51, 51); font-size: 14px;"&gt;This is a sample text for conditions.&lt;/span&gt;&lt;br&gt;&lt;/p&gt;', '&lt;p&gt;&lt;span style="margin: 0px; padding: 0px; color: rgb(32, 33, 36); font-family: arial, sans-serif; font-size: 16px;"&gt;Offers aÂ\xa0&lt;/span&gt;&lt;span style="margin: 0px; padding: 0px; color: rgb(32, 33, 36); font-family: arial, sans-serif; font-size: 16px;"&gt;15 to 30-day window&lt;/span&gt;&lt;span style="margin: 0px; padding: 0px; color: rgb(32, 33, 36); font-family: arial, sans-serif; font-size: 16px;"&gt;Â\xa0in which customers can return a product and ask for a refund. Some businesses extend that period up to 90 days. Regardless of the time frame you choose, ensuring that you actually have a time frame is essential.&lt;/span&gt;&lt;br&gt;&lt;/p&gt;', 13, 0, 1, 60), (93, 'Gold Plated Leopard Print Crystal Big Round Hoop Earrings', '32', '25', 165, 'product-featured-93.jpg', '&lt;p&gt;&lt;span style="color: rgb(51, 51, 51); font-family: &amp;quot;Amazon Ember&amp;quot;, Arial, sans-serif; font-size: small;"&gt;These beautiful 18k gold filled dangle earrings sparkle with stunning created ruby center stones surrounded by a shining Cubic Zirconia halo. These extravagant earrings are the perfect anniversary or birthday gift for your special!&lt;/span&gt;&lt;br&gt;&lt;/p&gt;', '&lt;p style="padding: 0px; margin-top: 0px; text-rendering: optimizelegibility; margin-bottom: 0px !important; line-height: 32px !important;"&gt;&lt;span id="productTitle" class="a-size-large product-title-word-break" style="text-rendering: optimizelegibility; word-break: break-word; line-height: 32px !important; font-family: Roboto;"&gt;Gm148 2" inches&lt;/span&gt;&lt;/p&gt;', '&lt;ul class="a-unordered-list a-vertical a-spacing-mini" style="margin-right: 0px; margin-bottom: 0px; margin-left: 18px; color: rgb(15, 17, 17); padding: 0px; font-family: &amp;quot;Amazon Ember&amp;quot;, Arial, sans-serif; font-size: 14px;"&gt;&lt;li style="list-style: disc; overflow-wrap: break-word; margin: 0px;"&gt;&lt;span class="a-list-item" style="overflow-wrap: break-word; display: block;"&gt;Width: 6mm&lt;/span&gt;&lt;/li&gt;&lt;li style="list-style: disc; overflow-wrap: break-word; margin: 0px;"&gt;&lt;span class="a-list-item" style="overflow-wrap: break-word; display: block;"&gt;Diamter: 2 inches&lt;/span&gt;&lt;/li&gt;&lt;/ul&gt;', '&lt;p&gt;&lt;span style="color: rgb(51, 51, 51); font-size: 14px;"&gt;This is a sample text for conditions.&lt;/span&gt;&lt;br&gt;&lt;/p&gt;', '&lt;p&gt;&lt;span style="margin: 0px; padding: 0px; color: rgb(32, 33, 36); font-family: arial, sans-serif; font-size: 16px;"&gt;Offers a&amp;nbsp;&lt;/span&gt;&lt;span style="margin: 0px; padding: 0px; color: rgb(32, 33, 36); font-family: arial, sans-serif; font-size: 16px;"&gt;15 to 30-day window&lt;/span&gt;&lt;span style="margin: 0px; padding: 0px; color: rgb(32, 33, 36); font-family: arial, sans-serif; font-size: 16px;"&gt;&amp;nbsp;in which customers can return a product and ask for a refund. Some businesses extend that period up to 90 days. Regardless of the time frame you choose, ensuring that you actually have a time frame is essential.&lt;/span&gt;&lt;br&gt;&lt;/p&gt;', 1, 0, 1, 42), (94, 'WD 5TB Elements Portable External Hard Drive HDD', '160', '149', 46, 'product-featured-94.jpg', '&lt;p&gt;&lt;span style="color: rgb(51, 51, 51); font-family: "Amazon Ember", Arial, sans-serif; font-size: small;"&gt;Western Digital elements portable hard drives offer reliable, high-capacity storage, fast data transfer rates and universal connectivity with USB 3.0 and USB 2.0 devices to back up your photos, videos and files on the go. The small, lightweight design offers up to 5TB capacity.&lt;/span&gt;&lt;br&gt;&lt;/p&gt;', '&lt;p style="padding: 0px; margin-top: 0px; text-rendering: optimizelegibility; margin-bottom: 0px !important; line-height: 32px !important;"&gt;&lt;span id="productTitle" class="a-size-large product-title-word-break" style="text-rendering: optimizelegibility; word-break: break-word; line-height: 32px !important;"&gt;USB 3.0, Compatible with PC, Mac, PS4 &amp; Xbox - WDBU6Y0050BBK-WESN&lt;/span&gt;&lt;/p&gt;', '&lt;ul class="a-unordered-list a-vertical a-spacing-mini" style="margin-right: 0px; margin-bottom: 0px; margin-left: 18px; color: rgb(15, 17, 17); padding: 0px; font-family: "Amazon Ember", Arial, sans-serif; font-size: 14px;"&gt;&lt;li style="list-style: disc; overflow-wrap: break-word; margin: 0px;"&gt;&lt;span class="a-list-item"&gt;USB 3.0 and USB 2.0 Compatibility&lt;/span&gt;&lt;/li&gt;&lt;li style="list-style: disc; overflow-wrap: break-word; margin: 0px;"&gt;&lt;span class="a-list-item"&gt;Compatible with PC, Mac, PS4 &amp; Xbox&lt;/span&gt;&lt;/li&gt;&lt;li style="list-style: disc; overflow-wrap: break-word; margin: 0px;"&gt;&lt;span class="a-list-item"&gt;Fast Data Transfers, Improve PC Performance&lt;/span&gt;&lt;/li&gt;&lt;li style="list-style: disc; overflow-wrap: break-word; margin: 0px;"&gt;&lt;span class="a-list-item"&gt;High Capacity&lt;/span&gt;&lt;/li&gt;&lt;li style="list-style: disc; overflow-wrap: break-word; margin: 0px;"&gt;&lt;span class="a-list-item"&gt;Memory Storage Capacity: 5TB&lt;/span&gt;&lt;/li&gt;&lt;/ul&gt;', '&lt;p&gt;&lt;span style="color: rgb(51, 51, 51); font-size: 14px;"&gt;This is a sample text for conditions.&lt;/span&gt;&lt;br&gt;&lt;/p&gt;', '&lt;p&gt;&lt;span style="margin: 0px; padding: 0px; color: rgb(32, 33, 36); font-family: arial, sans-serif; font-size: 16px;"&gt;Offers aÂ\xa0&lt;/span&gt;&lt;span style="margin: 0px; padding: 0px; color: rgb(32, 33, 36); font-family: arial, sans-serif; font-size: 16px;"&gt;15 to 30-day window&lt;/span&gt;&lt;span style="margin: 0px; padding: 0px; color: rgb(32, 33, 36); font-family: arial, sans-serif; font-size: 16px;"&gt;Â\xa0in which customers can return a product and ask for a refund. Some businesses extend that period up to 90 days. Regardless of the time frame you choose, ensuring that you actually have a time frame is essential.&lt;/span&gt;&lt;br&gt;&lt;/p&gt;', 6, 0, 1, 71), (95, 'Bose QuietComfort 45 Bluetooth Wireless Headphones', '329', '279', 53, 'product-featured-95.jpg', '&lt;p&gt;&lt;span style="color: rgb(51, 51, 51); font-family: "Amazon Ember", Arial, sans-serif; font-size: small;"&gt;The first noise cancelling headphones are back, with world-class quiet, lightweight materials, and proprietary technology for deep, clear sound. Bose QuietComfort 45 headphones arenâ€™t just an icon reborn â€“ theyâ€™re the perfect balance of quiet, comfort, and sound. Plus, everything that made the first around ear headphones an icon is still here. Just refined. Like an updated design with smooth cushions and a clean look. Plush synthetic leather, impact-resistant glass-filled nylon, and cast-metal hinges were all selected for their comfort as well as their durability. Add in minimal clamping force, and youâ€™ll almost forget youâ€™re wearing Bluetooth wireless noise cancelling headphones.&lt;/span&gt;&lt;br&gt;&lt;/p&gt;', 'Iconic, Quiet, Comfort and Sound.', '&lt;ul class="a-unordered-list a-vertical a-spacing-mini" style="margin-right: 0px; margin-bottom: 0px; margin-left: 18px; color: rgb(15, 17, 17); padding: 0px; font-family: "Amazon Ember", Arial, sans-serif; font-size: 14px;"&gt;&lt;li style="list-style: disc; overflow-wrap: break-word; margin: 0px;"&gt;&lt;span class="a-list-item"&gt;Noise cancelling wireless headphones â€“ The perfect balance of quiet, comfort, and sound. Bose uses tiny mics to measure, compare, and react to outside noise, cancelling it with opposite signals.&lt;/span&gt;&lt;/li&gt;&lt;li style="list-style: disc; overflow-wrap: break-word; margin: 0px;"&gt;&lt;span class="a-list-item"&gt;High-fidelity audio â€“ The TriPort acoustic architecture offers depth and fullness. Volume-optimized Active EQ maintains balanced performance at any volume, so bass stays consistent when turned down and the music remains clear when turned up.&lt;/span&gt;&lt;/li&gt;&lt;li style="list-style: disc; overflow-wrap: break-word; margin: 0px;"&gt;&lt;span class="a-list-item"&gt;Quiet and Aware Modes â€“ Choose Quiet Mode for full noise cancelling, or Aware Mode to bring the outside into the around ear headphones and hear your environment and your music at the same time.&lt;/span&gt;&lt;/li&gt;&lt;li style="list-style: disc; overflow-wrap: break-word; margin: 0px;"&gt;&lt;span class="a-list-item"&gt;Over ear headphones â€“ These comfortable wireless headphones are suitable for all-day wear. Crafted with plush synthetic leather and impact-resistant nylon, and designed with minimal clamping force, theyâ€™re as luxurious as they are durable.&lt;/span&gt;&lt;/li&gt;&lt;li style="list-style: disc; overflow-wrap: break-word; margin: 0px;"&gt;&lt;span class="a-list-item"&gt;Up to 24 hours battery life â€“ Enjoy 24 hours of battery life from a single charge. A quick 15-minute charge offers 3 hours when youâ€™re on the go, or plug in the included audio cable to listen for even longer in wired mode.&lt;/span&gt;&lt;/li&gt;&lt;li style="list-style: disc; overflow-wrap: break-word; margin: 0px;"&gt;&lt;span class="a-list-item"&gt;Around ear headphones charge via USB-C â€“ Headphones charge via the included USB-C cable.&lt;/span&gt;&lt;/li&gt;&lt;li style="list-style: disc; overflow-wrap: break-word; margin: 0px;"&gt;&lt;span class="a-list-item"&gt;Bluetooth wireless noise cancelling headphones â€“ These headphones are optimized for a strong, reliable Bluetooth connection within 30 feet of the paired device.&lt;/span&gt;&lt;/li&gt;&lt;li style="list-style: disc; overflow-wrap: break-word; margin: 0px;"&gt;&lt;span class="a-list-item"&gt;Bose Music app â€“ The app walks you through guided setup of your over ear headphones, making it easy to get started. Plus, access adjustable noise cancellation settings, manage your Bluetooth connections, enable shortcuts, and more.&lt;/span&gt;&lt;/li&gt;&lt;/ul&gt;', '&lt;p&gt;&lt;span style="color: rgb(51, 51, 51); font-size: 14px;"&gt;This is a sample text for conditions.&lt;/span&gt;&lt;br&gt;&lt;/p&gt;', '&lt;p&gt;&lt;span style="margin: 0px; padding: 0px; color: rgb(32, 33, 36); font-family: arial, sans-serif; font-size: 16px;"&gt;Offers aÂ\xa0&lt;/span&gt;&lt;span style="margin: 0px; padding: 0px; color: rgb(32, 33, 36); font-family: arial, sans-serif; font-size: 16px;"&gt;15 to 30-day window&lt;/span&gt;&lt;span style="margin: 0px; padding: 0px; color: rgb(32, 33, 36); font-family: arial, sans-serif; font-size: 16px;"&gt;Â\xa0in which customers can return a product and ask for a refund. Some businesses extend that period up to 90 days. Regardless of the time frame you choose, ensuring that you actually have a time frame is essential.&lt;/span&gt;&lt;br&gt;&lt;/p&gt;', 12, 1, 1, 62), (96, "Men's Loose Fit Heavyweight Long-Sleeve Pocket T-Shirt", '29', '23', 102, 'product-featured-96.jpg', '&lt;p&gt;&lt;span style="color: rgb(51, 51, 51); font-family: &amp;quot;Amazon Ember&amp;quot;, Arial, sans-serif; font-size: small;"&gt;Since 1889, Carhartt has made durable workwear you can count on as you tackle the toughest jobs. This men\'s long-sleeve t-shirt bears our logo proudly on the chest pocket. It\'s made of heavyweight cotton jersey and cut generously for a roomy fit.&lt;/span&gt;&lt;br&gt;&lt;/p&gt;', '&lt;p style="list-style: disc; overflow-wrap: break-word; margin: 0px;"&gt;&lt;span class="a-list-item" style="overflow-wrap: break-word; display: block;"&gt;100% cotton (fiber content varies by color)&lt;/span&gt;&lt;/p&gt;', '&lt;ul class="a-unordered-list a-vertical a-spacing-mini" style="margin-right: 0px; margin-bottom: 0px; margin-left: 18px; color: rgb(15, 17, 17); padding: 0px; font-family: &amp;quot;Amazon Ember&amp;quot;, Arial, sans-serif; font-size: 14px;"&gt;&lt;li style="list-style: disc; overflow-wrap: break-word; margin: 0px;"&gt;&lt;span class="a-list-item" style="overflow-wrap: break-word; display: block;"&gt;100% cotton (fiber content varies by color)&lt;/span&gt;&lt;/li&gt;&lt;li style="list-style: disc; overflow-wrap: break-word; margin: 0px;"&gt;&lt;span class="a-list-item" style="overflow-wrap: break-word; display: block;"&gt;Rib-knit crewneck and cuffs&lt;/span&gt;&lt;/li&gt;&lt;li style="list-style: disc; overflow-wrap: break-word; margin: 0px;"&gt;&lt;span class="a-list-item" style="overflow-wrap: break-word; display: block;"&gt;Left-chest pocket with sewn on Carhartt label&lt;/span&gt;&lt;/li&gt;&lt;li style="list-style: disc; overflow-wrap: break-word; margin: 0px;"&gt;&lt;span class="a-list-item" style="overflow-wrap: break-word; display: block;"&gt;Loose Fit t-shirts are cut larger with a roomier fit in the chest and shoulders&lt;/span&gt;&lt;/li&gt;&lt;li style="list-style: disc; overflow-wrap: break-word; margin: 0px;"&gt;&lt;span class="a-list-item" style="overflow-wrap: break-word; display: block;"&gt;Loose Fit, previously known as Original Fit, is a label update in name only.&amp;nbsp; Loose and Original size and fit remains the same. Stock may vary in labeling&lt;/span&gt;&lt;/li&gt;&lt;li style="list-style: disc; overflow-wrap: break-word; margin: 0px;"&gt;&lt;span class="a-list-item" style="overflow-wrap: break-word; display: block;"&gt;Previous Product Name: K126 Workwear Pocket Long-Sleeve T-shirt&lt;/span&gt;&lt;/li&gt;&lt;/ul&gt;', '&lt;p&gt;&lt;span style="color: rgb(51, 51, 51); font-size: 14px;"&gt;This is a sample text for conditions.&lt;/span&gt;&lt;br&gt;&lt;/p&gt;', '&lt;p&gt;&lt;span style="margin: 0px; padding: 0px; color: rgb(32, 33, 36); font-family: arial, sans-serif; font-size: 16px;"&gt;Offers a&amp;nbsp;&lt;/span&gt;&lt;span style="margin: 0px; padding: 0px; color: rgb(32, 33, 36); font-family: arial, sans-serif; font-size: 16px;"&gt;15 to 30-day window&lt;/span&gt;&lt;span style="margin: 0px; padding: 0px; color: rgb(32, 33, 36); font-family: arial, sans-serif; font-size: 16px;"&gt;&amp;nbsp;in which customers can return a product and ask for a refund. Some businesses extend that period up to 90 days. Regardless of the time frame you choose, ensuring that you actually have a time frame is essential.&lt;/span&gt;&lt;br&gt;&lt;/p&gt;', 12, 1, 1, 20), (97, "Women's Tea Length Dress with Rosette Detail (Petite &amp; Regular)", '87', '67', 53, 'product-featured-97.jpg', '&lt;p&gt;&lt;span style="color: rgb(51, 51, 51); font-family: "Amazon Ember", Arial, sans-serif; font-size: small;"&gt;Our t-length party dress has a solid stretch top, full soutache sequin skirt and tie belt that is perfect for any evening event.&lt;/span&gt;&lt;br&gt;&lt;/p&gt;', '&lt;p style="list-style: disc; overflow-wrap: break-word; margin: 0px;"&gt;&lt;span class="a-list-item" style="overflow-wrap: break-word; display: block;"&gt;Short-sleeve v-neck midi blue dress&lt;/span&gt;&lt;/p&gt;', '&lt;ul class="a-unordered-list a-vertical a-spacing-mini" style="margin-right: 0px; margin-bottom: 0px; margin-left: 18px; color: rgb(15, 17, 17); padding: 0px; font-family: "Amazon Ember", Arial, sans-serif; font-size: 14px;"&gt;&lt;li style="list-style: disc; overflow-wrap: break-word; margin: 0px;"&gt;&lt;span class="a-list-item" style="overflow-wrap: break-word; display: block;"&gt;Sequin detail&lt;/span&gt;&lt;/li&gt;&lt;li style="list-style: disc; overflow-wrap: break-word; margin: 0px;"&gt;&lt;span class="a-list-item" style="overflow-wrap: break-word; display: block;"&gt;This style is available in Regular and Plus Size on Amazon.com&lt;/span&gt;&lt;/li&gt;&lt;li style="list-style: disc; overflow-wrap: break-word; margin: 0px;"&gt;&lt;span class="a-list-item" style="overflow-wrap: break-word; display: block;"&gt;Center back zip&lt;/span&gt;&lt;/li&gt;&lt;li style="list-style: disc; overflow-wrap: break-word; margin: 0px;"&gt;&lt;span class="a-list-item" style="overflow-wrap: break-word; display: block;"&gt;Joanna Chen design&lt;/span&gt;&lt;/li&gt;&lt;li style="list-style: disc; overflow-wrap: break-word; margin: 0px;"&gt;&lt;span class="a-list-item" style="overflow-wrap: break-word; display: block;"&gt;Short-sleeve v-neck midi blue dress&lt;/span&gt;&lt;/li&gt;&lt;/ul&gt;', '&lt;p&gt;&lt;span style="color: rgb(51, 51, 51); font-size: 14px;"&gt;This is a sample text for conditions.&lt;/span&gt;&lt;br&gt;&lt;/p&gt;', '&lt;p&gt;&lt;span style="margin: 0px; padding: 0px; color: rgb(32, 33, 36); font-family: arial, sans-serif; font-size: 16px;"&gt;Offers aÂ\xa0&lt;/span&gt;&lt;span style="margin: 0px; padding: 0px; color: rgb(32, 33, 36); font-family: arial, sans-serif; font-size: 16px;"&gt;15 to 30-day window&lt;/span&gt;&lt;span style="margin: 0px; padding: 0px; color: rgb(32, 33, 36); font-family: arial, sans-serif; font-size: 16px;"&gt;Â\xa0in which customers can return a product and ask for a refund. Some businesses extend that period up to 90 days. Regardless of the time frame you choose, ensuring that you actually have a time frame is essential.&lt;/span&gt;&lt;br&gt;&lt;/p&gt;', 131, 1, 1, 32), (98, "Women's Fuzzy Fleece Lapel Open Front Long Cardigan Coat", '52', '43', 41, 'product-featured-98.jpg', '&lt;h3 class="a-spacing-mini" style="padding: 0px; margin-top: 0px; margin-right: 0px; margin-left: 0px; text-rendering: optimizelegibility; font-weight: bold; font-size: 17px; line-height: 1.255; font-family: "Amazon Ember", Arial, sans-serif; color: rgb(15, 17, 17); margin-bottom: 6px !important;"&gt;Design Details - Women Fuzzy Winter Teddy Coat&lt;/h3&gt;&lt;p class="a-spacing-base" style="padding: 0px; color: rgb(15, 17, 17); font-family: "Amazon Ember", Arial, sans-serif; font-size: 14px; margin-bottom: 14px !important;"&gt;&lt;/p&gt;&lt;ul class="a-unordered-list a-vertical" style="margin-right: 0px; margin-bottom: 18px; margin-left: 18px; color: rgb(15, 17, 17); padding: 0px; font-family: "Amazon Ember", Arial, sans-serif; font-size: 14px;"&gt;&lt;li style="list-style: disc; overflow-wrap: break-word; margin: 0px;"&gt;&lt;span class="a-list-item"&gt;&lt;span class="a-text-bold" style="font-weight: 700 !important;"&gt;Material:&lt;/span&gt;Â\xa085% Cotton + 15% Spandex. This women\'s teddy coat is 100% brand new and high quality!&lt;/span&gt;&lt;/li&gt;&lt;li style="list-style: disc; overflow-wrap: break-word; margin: 0px;"&gt;&lt;span class="a-list-item"&gt;&lt;span class="a-text-bold" style="font-weight: 700 !important;"&gt;Style:&lt;/span&gt;Â\xa0Causal, Long Sleeves, Knee Length, Fuzzy, Faux Fur, Lapel, Open Front, this women\'s teddy coat can be both chic and warm.&lt;/span&gt;&lt;/li&gt;&lt;li style="list-style: disc; overflow-wrap: break-word; margin: 0px;"&gt;&lt;span class="a-list-item"&gt;&lt;span class="a-text-bold" style="font-weight: 700 !important;"&gt;Occasion:&lt;/span&gt;Â\xa0Spring, Fall, Winter, Work, Date, Vacation, Daily Casual, At Home . This women\'s faux fur coat is suitable for both formal and casual occasions.&lt;/span&gt;&lt;/li&gt;&lt;li style="list-style: disc; overflow-wrap: break-word; margin: 0px;"&gt;&lt;span class="a-list-item"&gt;&lt;span class="a-text-bold" style="font-weight: 700 !important;"&gt;Package include:&lt;/span&gt;Â\xa01 Womens Fuzzy Coat&lt;/span&gt;&lt;/li&gt;&lt;li style="list-style: disc; overflow-wrap: break-word; margin: 0px;"&gt;&lt;span class="a-list-item"&gt;&lt;span class="a-text-bold" style="font-weight: 700 !important;"&gt;KINDLY NOTE: Different body types may have different fit from the model pictures, please refer to customer review images for more fitting information.&lt;/span&gt;&lt;/span&gt;&lt;/li&gt;&lt;li style="list-style: disc; overflow-wrap: break-word; margin: 0px;"&gt;&lt;span class="a-list-item"&gt;&lt;span class="a-text-bold" style="font-weight: 700 !important;"&gt;KINDLY NOTE: this item is designed to be open front and has no button or zipper closure. Please take it into consideration before purchase.&lt;/span&gt;&lt;/span&gt;&lt;/li&gt;&lt;/ul&gt;', '&lt;p style="list-style: disc; overflow-wrap: break-word; margin: 0px;"&gt;&lt;span class="a-list-item" style="overflow-wrap: break-word; display: block;"&gt;Material:85% Polyester; 15% Spandex. 100% brand new and high quality!&lt;/span&gt;&lt;/p&gt;', '&lt;ul class="a-unordered-list a-vertical a-spacing-mini" style="margin-right: 0px; margin-bottom: 0px; margin-left: 18px; color: rgb(15, 17, 17); padding: 0px; font-family: "Amazon Ember", Arial, sans-serif; font-size: 14px;"&gt;&lt;li style="list-style: disc; overflow-wrap: break-word; margin: 0px;"&gt;&lt;span class="a-list-item" style="overflow-wrap: break-word; display: block;"&gt;No closure closure&lt;/span&gt;&lt;/li&gt;&lt;li style="list-style: disc; overflow-wrap: break-word; margin: 0px;"&gt;&lt;span class="a-list-item" style="overflow-wrap: break-word; display: block;"&gt;Material:85% Polyester; 15% Spandex. 100% brand new and high quality!&lt;/span&gt;&lt;/li&gt;&lt;li style="list-style: disc; overflow-wrap: break-word; margin: 0px;"&gt;&lt;span class="a-list-item" style="overflow-wrap: break-word; display: block;"&gt;Style: Causal, Long Sleeves, Knee Length, Fuzzy, Faux Fur, Lapel, Open Front&lt;/span&gt;&lt;/li&gt;&lt;li style="list-style: disc; overflow-wrap: break-word; margin: 0px;"&gt;&lt;span class="a-list-item" style="overflow-wrap: break-word; display: block;"&gt;Occasion: Spring, Fall, Winter, Work, Date, Vacation, Daily Casual, At Home&lt;/span&gt;&lt;/li&gt;&lt;li style="list-style: disc; overflow-wrap: break-word; margin: 0px;"&gt;&lt;span class="a-list-item" style="overflow-wrap: break-word; display: block;"&gt;Pair with: This women\'s coat goes perfect with a shirt/sweater &amp; jeans/leggings/palazoo pants underneath and with short boots.&lt;/span&gt;&lt;/li&gt;&lt;li style="list-style: disc; overflow-wrap: break-word; margin: 0px;"&gt;&lt;span class="a-list-item" style="overflow-wrap: break-word; display: block;"&gt;KINDLY NOTE: Different body types may have different fit from the model pictures, please refer to customer review images for more fitting information.&lt;/span&gt;&lt;/li&gt;&lt;/ul&gt;', '&lt;p&gt;&lt;span style="color: rgb(51, 51, 51); font-size: 14px;"&gt;This is a sample text for conditions.&lt;/span&gt;&lt;br&gt;&lt;/p&gt;', '&lt;p&gt;&lt;span style="margin: 0px; padding: 0px; color: rgb(32, 33, 36); font-family: arial, sans-serif; font-size: 16px;"&gt;Offers aÂ\xa0&lt;/span&gt;&lt;span style="margin: 0px; padding: 0px; color: rgb(32, 33, 36); font-family: arial, sans-serif; font-size: 16px;"&gt;15 to 30-day window&lt;/span&gt;&lt;span style="margin: 0px; padding: 0px; color: rgb(32, 33, 36); font-family: arial, sans-serif; font-size: 16px;"&gt;Â\xa0in which customers can return a product and ask for a refund. Some businesses extend that period up to 90 days. Regardless of the time frame you choose, ensuring that you actually have a time frame is essential.&lt;/span&gt;&lt;br&gt;&lt;/p&gt;', 2, 1, 1, 15), (99, 'Oculus Quest 2 - Advanced All-In-One Virtual Reality Headset', '512', '495', 46, 'product-featured-99.jpg', '&lt;p&gt;&lt;span style="color: rgb(51, 51, 51); font-family: &amp;quot;Amazon Ember&amp;quot;, Arial, sans-serif; font-size: small;"&gt;Oculus quest 2 is our most advanced all-in-one VR system yet. Every detail has been engineered to make virtual worlds adapt to your movements, letting you explore awe-inspiring games and experiences with unparalleled freedom. No PC or Console required. Get the most out of each moment with blazing-fast performance and next-generation graphics. Stay focused with a stunning display that features 50% more pixels than the original quest. Or take a break from the action and grab front-row seats to live concerts, exclusive events and more. The redesigned touch controllers feature improved ergonomics and intuitive controls that transport your gestures, motions and actions directly into VR. You can even connect your VR headset to a gaming-compatible computer with an Oculus Link cable to access hundreds of PC VR games and experiences. Quest 2 also lets you bring your friends into the action. With live casting, you can share your VR experience with people around you. Or meet up with friends in virtual worlds to battle in multiplayer competitions or just spend some time together. With Oculus quest 2, there\'s no end in sight to what you can play, create and discover in virtual reality.&lt;/span&gt;&lt;br&gt;&lt;/p&gt;', '&lt;p style="padding: 0px; margin-top: 0px; text-rendering: optimizelegibility; margin-bottom: 0px !important; line-height: 32px !important;"&gt;&lt;span id="productTitle" class="a-size-large product-title-word-break" style="text-rendering: optimizelegibility; word-break: break-word; line-height: 32px !important; font-family: Roboto;"&gt;Advanced All-In-One Virtual Reality Headset&lt;/span&gt;&lt;/p&gt;', '&lt;ul class="a-unordered-list a-vertical a-spacing-mini" style="margin-right: 0px; margin-bottom: 0px; margin-left: 18px; color: rgb(15, 17, 17); padding: 0px; font-family: &amp;quot;Amazon Ember&amp;quot;, Arial, sans-serif; font-size: 14px;"&gt;&lt;li style="list-style: disc; overflow-wrap: break-word; margin: 0px;"&gt;&lt;span class="a-list-item"&gt;Next-level Hardware - Make every move count with a blazing-fast processor and our highest-resolution display&lt;/span&gt;&lt;/li&gt;&lt;li style="list-style: disc; overflow-wrap: break-word; margin: 0px;"&gt;&lt;span class="a-list-item"&gt;All-In-One Gaming - With backward compatibility, you can explore new titles and old favorites in the expansive Quest content library&lt;/span&gt;&lt;/li&gt;&lt;li style="list-style: disc; overflow-wrap: break-word; margin: 0px;"&gt;&lt;span class="a-list-item"&gt;Immersive Entertainment - Get the best seat in the house to live concerts, groundbreaking films, exclusive events and more&lt;/span&gt;&lt;/li&gt;&lt;li style="list-style: disc; overflow-wrap: break-word; margin: 0px;"&gt;&lt;span class="a-list-item"&gt;Easy Setup - Just open the box, set up with the smartphone app and jump into VR. No PC or console needed. Requires wireless internet access and the Oculus app (free download) to set up device&lt;/span&gt;&lt;/li&gt;&lt;li style="list-style: disc; overflow-wrap: break-word; margin: 0px;"&gt;&lt;span class="a-list-item"&gt;Premium Display - Catch every detail with a stunning display that features 50% more pixels than the original Quest&lt;/span&gt;&lt;/li&gt;&lt;li style="list-style: disc; overflow-wrap: break-word; margin: 0px;"&gt;&lt;span class="a-list-item"&gt;Ultimate Control - Redesigned Oculus Touch controllers transport your movements directly into VR with intuitive controls&lt;/span&gt;&lt;/li&gt;&lt;li style="list-style: disc; overflow-wrap: break-word; margin: 0px;"&gt;&lt;span class="a-list-item"&gt;PC VR Compatible - Step into incredible Oculus Rift titles by connecting an Oculus Link cable to a compatible gaming PC. Oculus Link Cable sold separately&lt;/span&gt;&lt;/li&gt;&lt;li style="list-style: disc; overflow-wrap: break-word; margin: 0px;"&gt;&lt;span class="a-list-item"&gt;3D Cinematic Sound - Hear in all directions with built-in speakers that deliver cinematic 3D positional audio&lt;/span&gt;&lt;/li&gt;&lt;/ul&gt;', '&lt;p&gt;&lt;span style="color: rgb(51, 51, 51); font-size: 14px;"&gt;This is a sample text for conditions.&lt;/span&gt;&lt;br&gt;&lt;/p&gt;', '&lt;p&gt;&lt;span style="margin: 0px; padding: 0px; color: rgb(32, 33, 36); font-family: arial, sans-serif; font-size: 16px;"&gt;Offers a&amp;nbsp;&lt;/span&gt;&lt;span style="margin: 0px; padding: 0px; color: rgb(32, 33, 36); font-family: arial, sans-serif; font-size: 16px;"&gt;15 to 30-day window&lt;/span&gt;&lt;span style="margin: 0px; padding: 0px; color: rgb(32, 33, 36); font-family: arial, sans-serif; font-size: 16px;"&gt;&amp;nbsp;in which customers can return a product and ask for a refund. Some businesses extend that period up to 90 days. Regardless of the time frame you choose, ensuring that you actually have a time frame is essential.&lt;/span&gt;&lt;br&gt;&lt;/p&gt;', 0, 1, 1, 61), (100, "Men's Long Cuffed Jogger Yoga Sweat Pant", '105', '95', 78, 'product-featured-100.jpg', '&lt;p style="padding: 0px; margin-top: 0em; margin-bottom: 1em; margin-left: 1em; color: rgb(51, 51, 51); font-family: &amp;quot;Amazon Ember&amp;quot;, Arial, sans-serif; font-size: small;"&gt;We warmly welcome you to our "Long" Mens Cuffed Perfection Yoga Pant - our most exciting product launch of the year -&amp;nbsp;&lt;span style="font-weight: 700;"&gt;and voted "Favorite Yoga Pant" by Instructors in YOGA JOURNAL magazine! (Spring/2015)&lt;/span&gt;&lt;/p&gt;&lt;p style="padding: 0px; margin-top: 0em; margin-bottom: 1em; margin-left: 1em; color: rgb(51, 51, 51); font-family: &amp;quot;Amazon Ember&amp;quot;, Arial, sans-serif; font-size: small;"&gt;It\'s FORM &amp;amp; FASHION -&amp;nbsp;&lt;span style="font-weight: 700;"&gt;you\'ll transition to errands in style!&lt;/span&gt;&lt;/p&gt;&lt;p style="padding: 0px; margin-top: 0em; margin-bottom: 1em; margin-left: 1em; color: rgb(51, 51, 51); font-family: &amp;quot;Amazon Ember&amp;quot;, Arial, sans-serif; font-size: small;"&gt;Please notice in the pictures, the fabric paneling in the upper leg area&amp;nbsp;&lt;span style="font-weight: 700;"&gt;that allows for complete expansion of the crotch area in ALL directions.&lt;/span&gt;&amp;nbsp;It is simply perfect for Yoga, pilates, lounging, the gym &amp;amp; running errands!&lt;/p&gt;&lt;p style="padding: 0px; margin-top: 0em; margin-bottom: 1em; margin-left: 1em; color: rgb(51, 51, 51); font-family: &amp;quot;Amazon Ember&amp;quot;, Arial, sans-serif; font-size: small;"&gt;Relaxed elastic waist band with 1/4" drawcord in contrasting White with super light-weight metal tips (they will NOT clang in the dryer).&lt;/p&gt;&lt;p style="padding: 0px; margin-top: 0em; margin-bottom: 1em; margin-left: 1em; color: rgb(51, 51, 51); font-family: &amp;quot;Amazon Ember&amp;quot;, Arial, sans-serif; font-size: small;"&gt;2x1 rib cuffing at the bottom will&amp;nbsp;&lt;span style="font-weight: 700;"&gt;keep your pants "in place"&lt;/span&gt;&amp;nbsp;for those inversions and hand stands!&lt;/p&gt;&lt;p style="padding: 0px; margin-top: 0em; margin-bottom: 1em; margin-left: 1em; color: rgb(51, 51, 51); font-family: &amp;quot;Amazon Ember&amp;quot;, Arial, sans-serif; font-size: small;"&gt;&lt;span style="font-weight: 700;"&gt;DEEP pockets&lt;/span&gt;&amp;nbsp;that are sewn on top of the garment so they do not "float." The pockets are 6.5" deep to the side-seam so they can encase your large cell phones!&lt;/p&gt;&lt;p style="padding: 0px; margin-top: 0em; margin-bottom: 1em; margin-left: 1em; color: rgb(51, 51, 51); font-family: &amp;quot;Amazon Ember&amp;quot;, Arial, sans-serif; font-size: small;"&gt;The rib piping extends&amp;nbsp;&lt;span style="font-weight: 700;"&gt;uninterrupted&lt;/span&gt;&amp;nbsp;from the side of the pant to the back of the rear -&amp;nbsp;&lt;span style="font-weight: 700;"&gt;providing amazing flexibility &amp;amp; stability for stretching and rigorous activity.&lt;/span&gt;&lt;/p&gt;', '&lt;p style="padding: 0px; margin-top: 0px; text-rendering: optimizelegibility; margin-bottom: 0px !important; line-height: 32px !important;"&gt;&lt;span id="productTitle" class="a-size-large product-title-word-break" style="text-rendering: optimizelegibility; word-break: break-word; line-height: 32px !important;"&gt;Long Cuffed Jogger Pants&lt;/span&gt;&lt;/p&gt;', '&lt;ul class="a-unordered-list a-vertical a-spacing-mini" style="margin-right: 0px; margin-bottom: 0px; margin-left: 18px; color: rgb(15, 17, 17); padding: 0px; font-family: &amp;quot;Amazon Ember&amp;quot;, Arial, sans-serif; font-size: 14px;"&gt;&lt;li style="list-style: disc; overflow-wrap: break-word; margin: 0px;"&gt;&lt;span class="a-list-item" style="overflow-wrap: break-word; display: block;"&gt;Proudly brought to you by 4-rth: over 10 years in business from LA, California. Designed, manufactured &amp;amp; shipped from Los Angeles, CA.&lt;/span&gt;&lt;/li&gt;&lt;li style="list-style: disc; overflow-wrap: break-word; margin: 0px;"&gt;&lt;span class="a-list-item" style="overflow-wrap: break-word; display: block;"&gt;Fabric strips in the upper leg allow for complete expansion of the crotch area in ALL directions.&lt;/span&gt;&lt;/li&gt;&lt;li style="list-style: disc; overflow-wrap: break-word; margin: 0px;"&gt;&lt;span class="a-list-item" style="overflow-wrap: break-word; display: block;"&gt;Made from our Custom MODAL French-Terry fabric from the sustainable Birch Tree wood.&lt;/span&gt;&lt;/li&gt;&lt;li style="list-style: disc; overflow-wrap: break-word; margin: 0px;"&gt;&lt;span class="a-list-item" style="overflow-wrap: break-word; display: block;"&gt;Cuff at the bottom is form-fitting, yet relaxed. IDEAL for all Yoga styles - Ashtanga, Bikram, Hatha, Hot - as well as Pilates, Tennis &amp;amp; Soccer!&lt;/span&gt;&lt;/li&gt;&lt;li style="list-style: disc; overflow-wrap: break-word; margin: 0px;"&gt;&lt;span class="a-list-item" style="overflow-wrap: break-word; display: block;"&gt;MODEL: 6\'2, 175lbs. Size: M. (See Product Description for specific SIZE guidelines!) Please IGNORE the "size chart" above!!&lt;/span&gt;&lt;/li&gt;&lt;/ul&gt;', '&lt;p&gt;&lt;span style="color: rgb(51, 51, 51); font-size: 14px;"&gt;This is a sample text for conditions.&lt;/span&gt;&lt;br&gt;&lt;/p&gt;', '&lt;p&gt;&lt;span style="margin: 0px; padding: 0px; color: rgb(32, 33, 36); font-family: arial, sans-serif; font-size: 16px;"&gt;Offers a&amp;nbsp;&lt;/span&gt;&lt;span style="margin: 0px; padding: 0px; color: rgb(32, 33, 36); font-family: arial, sans-serif; font-size: 16px;"&gt;15 to 30-day window&lt;/span&gt;&lt;span style="margin: 0px; padding: 0px; color: rgb(32, 33, 36); font-family: arial, sans-serif; font-size: 16px;"&gt;&amp;nbsp;in which customers can return a product and ask for a refund. Some businesses extend that period up to 90 days. Regardless of the time frame you choose, ensuring that you actually have a time frame is essential.&lt;/span&gt;&lt;br&gt;&lt;/p&gt;', 3, 0, 1, 18), (101, 'Digital Infrared Thermometer for Adults and Kids', '79', '70', 289, 'product-featured-101.jpg', '&lt;h5 class="a-spacing-mini a-color-secondary" style="padding: 0px; margin-top: 0px; margin-right: 0px; margin-left: 0px; font-weight: bold; font-size: 13px; line-height: 19px; font-family: "Amazon Ember", Arial, sans-serif; margin-bottom: 6px !important; color: rgb(86, 89, 89) !important;"&gt;Safe and Hygienic&lt;/h5&gt;&lt;p class="a-spacing-base" style="padding: 0px; color: rgb(15, 17, 17); font-family: "Amazon Ember", Arial, sans-serif; font-size: 14px; margin-bottom: 14px !important;"&gt;No-Touch measuring reads body temperature within 1.18 inches of the center of the forehead without physical contact.&lt;/p&gt;&lt;h5 class="a-spacing-mini a-color-secondary" style="padding: 0px; margin-top: 0px; margin-right: 0px; margin-left: 0px; font-weight: bold; font-size: 13px; line-height: 19px; font-family: "Amazon Ember", Arial, sans-serif; margin-bottom: 6px !important; color: rgb(86, 89, 89) !important;"&gt;Tri-Point Sensors Accuracy&lt;/h5&gt;&lt;p class="a-spacing-base" style="padding: 0px; color: rgb(15, 17, 17); font-family: "Amazon Ember", Arial, sans-serif; font-size: 14px; margin-bottom: 14px !important;"&gt;An ultra-sensitive infrared sensor collects more than 100 data points per second while distance and environmental sensors combine to account for other variables; ensuring maximum accuracy every time a temperature is taken.&lt;/p&gt;&lt;h5 class="a-spacing-mini a-color-secondary" style="padding: 0px; margin-top: 0px; margin-right: 0px; margin-left: 0px; font-weight: bold; font-size: 13px; line-height: 19px; font-family: "Amazon Ember", Arial, sans-serif; margin-bottom: 6px !important; color: rgb(86, 89, 89) !important;"&gt;Fast, Simple, Clear and Quiet&lt;/h5&gt;&lt;p class="a-spacing-base" style="padding: 0px; color: rgb(15, 17, 17); font-family: "Amazon Ember", Arial, sans-serif; font-size: 14px; margin-bottom: 14px !important;"&gt;The intuitive single-button control design thermometer reads the temperature in just 1 second from a clear bright large LED screen, even in total darkness. The quiet vibrating alert eliminates buzzing noise or disturbance.&lt;/p&gt;', '&lt;p style="padding: 0px; margin-top: 0px; text-rendering: optimizelegibility; margin-bottom: 0px !important; line-height: 32px !important;"&gt;&lt;span id="productTitle" class="a-size-large product-title-word-break" style="text-rendering: optimizelegibility; word-break: break-word; line-height: 32px !important;"&gt;No-Touch Forehead Thermometer&lt;/span&gt;&lt;/p&gt;', '&lt;ul class="a-unordered-list a-vertical a-spacing-mini" style="margin-right: 0px; margin-bottom: 0px; margin-left: 18px; color: rgb(15, 17, 17); padding: 0px; font-family: "Amazon Ember", Arial, sans-serif; font-size: 14px;"&gt;&lt;li style="list-style: disc; overflow-wrap: break-word; margin: 0px;"&gt;&lt;span class="a-list-item"&gt;No Touch Measuring, Just Safe and Hygienic: PT3 Built-in infrared temperature sensor, reads body temperature within 1.18 inches of the center of the forehead without physical contact.&lt;/span&gt;&lt;/li&gt;&lt;li style="list-style: disc; overflow-wrap: break-word; margin: 0px;"&gt;&lt;span class="a-list-item"&gt;Tri-Point Sensors Accuracy: An ultra-sensitive infrared sensor collects more than 100 data points per second while distance and environmental sensors combine to account for other variables; ensuring maximum accuracy every time temperature is taken.&lt;/span&gt;&lt;/li&gt;&lt;li style="list-style: disc; overflow-wrap: break-word; margin: 0px;"&gt;&lt;span class="a-list-item"&gt;Fast, Simple, Clear and Quiet: The intuitive single-button control design thermometer reads the temperature in just 1 second from a clear bright extra-large LED screen, even in total darkness. The quiet vibration alerting ensures there is no buzzing noise and no disturbance.&lt;/span&gt;&lt;/li&gt;&lt;li style="list-style: disc; overflow-wrap: break-word; margin: 0px;"&gt;&lt;span class="a-list-item"&gt;Suitable for Multi-Scenario and All Ages: iHealth PT3 is designed for all ages: ranging from babies and toddlers to the elderly. An ideal choice for hospitals, hotels, school settings, and public establishments.&lt;/span&gt;&lt;/li&gt;&lt;li style="list-style: disc; overflow-wrap: break-word; margin: 0px;"&gt;&lt;span class="a-list-item"&gt;What You Get: 1x PT3 thermometer, 2x AAA batteries, 1x Instruction manual, 1x Quick User Guide, our worry-free 12-month warranty, and friendly California-based customer service.&lt;/span&gt;&lt;/li&gt;&lt;/ul&gt;', '&lt;p&gt;&lt;span style="color: rgb(51, 51, 51); font-size: 14px;"&gt;This is a sample text for conditions.&lt;/span&gt;&lt;br&gt;&lt;/p&gt;', '&lt;p&gt;&lt;span style="margin: 0px; padding: 0px; color: rgb(32, 33, 36); font-family: arial, sans-serif; font-size: 16px;"&gt;Offers aÂ\xa0&lt;/span&gt;&lt;span style="margin: 0px; padding: 0px; color: rgb(32, 33, 36); font-family: arial, sans-serif; font-size: 16px;"&gt;15 to 30-day window&lt;/span&gt;&lt;span style="margin: 0px; padding: 0px; color: rgb(32, 33, 36); font-family: arial, sans-serif; font-size: 16px;"&gt;Â\xa0in which customers can return a product and ask for a refund. Some businesses extend that period up to 90 days. Regardless of the time frame you choose, ensuring that you actually have a time frame is essential.&lt;/span&gt;&lt;br&gt;&lt;/p&gt;', 11, 1, 1, 73), (102, "Women's Plus-Size Shirt Dress with Gold Hardware", '190', '169', 112, 'product-featured-102.jpg', '&lt;p&gt;&lt;span style="color: rgb(15, 17, 17); font-family: &amp;quot;Amazon Ember&amp;quot;, Arial, sans-serif; font-size: 14px;"&gt;This dress has everything! Enough stretch to be forgiving. Works for my hourglass/pear shape just fine. The cap sleeves satisfy conservative dressing requirements (no sleeveless) but still works for spring/summer.&lt;/span&gt;&lt;br&gt;&lt;/p&gt;', '&lt;p&gt;From Calvin Klein&lt;/p&gt;', '&lt;ul class="a-unordered-list a-vertical a-spacing-mini" style="margin-right: 0px; margin-bottom: 0px; margin-left: 18px; color: rgb(15, 17, 17); padding: 0px; font-family: &amp;quot;Amazon Ember&amp;quot;, Arial, sans-serif; font-size: 14px;"&gt;&lt;li style="list-style: disc; overflow-wrap: break-word; margin: 0px;"&gt;&lt;span class="a-list-item" style="overflow-wrap: break-word; display: block;"&gt;Cap-sleeve shirt dress featuring belted waist with gold-tone hardware accents&lt;/span&gt;&lt;/li&gt;&lt;li style="list-style: disc; overflow-wrap: break-word; margin: 0px;"&gt;&lt;span class="a-list-item" style="overflow-wrap: break-word; display: block;"&gt;Split v-neckline&lt;/span&gt;&lt;/li&gt;&lt;li style="list-style: disc; overflow-wrap: break-word; margin: 0px;"&gt;&lt;span class="a-list-item" style="overflow-wrap: break-word; display: block;"&gt;Exposed center back zipper&lt;/span&gt;&lt;/li&gt;&lt;/ul&gt;', '&lt;p&gt;&lt;span style="color: rgb(51, 51, 51); font-size: 14px;"&gt;This is a sample text for conditions.&lt;/span&gt;&lt;br&gt;&lt;/p&gt;', '&lt;p&gt;&lt;span style="margin: 0px; padding: 0px; color: rgb(32, 33, 36); font-family: arial, sans-serif; font-size: 16px;"&gt;Offers a&amp;nbsp;&lt;/span&gt;&lt;span style="margin: 0px; padding: 0px; color: rgb(32, 33, 36); font-family: arial, sans-serif; font-size: 16px;"&gt;15 to 30-day window&lt;/span&gt;&lt;span style="margin: 0px; padding: 0px; color: rgb(32, 33, 36); font-family: arial, sans-serif; font-size: 16px;"&gt;&amp;nbsp;in which customers can return a product and ask for a refund. Some businesses extend that period up to 90 days. Regardless of the time frame you choose, ensuring that you actually have a time frame is essential.&lt;/span&gt;&lt;br&gt;&lt;/p&gt;', 11, 1, 1, 32), (103, 'Parfum pour homme', '130', '110', 59, 'photo.jpg', 'Ceci est un parfum pour homme', 'Ceci est un parfum pour homme', 'Ceci est un parfum pour homme', 'Ceci est un parfum pour homme', 'Aucun', 0, 0, 1, 24))</msg>
<status status="PASS" starttime="20231115 02:29:10.749" endtime="20231115 02:29:10.754"/>
</kw>
<kw name="Should Be True" library="BuiltIn">
<arg>${produit}</arg>
<doc>Fails if the given condition is not true.</doc>
<status status="PASS" starttime="20231115 02:29:10.758" endtime="20231115 02:29:10.759"/>
</kw>
<status status="PASS" starttime="20231115 02:29:10.711" endtime="20231115 02:29:10.766"/>
</test>
<test id="s1-t3" name="Test de recuperation de la categories de produits" line="18">
<kw name="Query" library="DatabaseLibrary">
<var>${result}</var>
<arg>select * from tbl_top_category</arg>
<doc>Uses the input `selectStatement` to query for the values that will be returned as a list of tuples. Set optional
input `sansTran` to True to run command without an explicit transaction commit or rollback.
Set optional input `returnAsDict` to True to return values as a list of dictionaries.</doc>
<msg timestamp="20231115 02:29:10.771" level="INFO">Executing : Query  |  select * from tbl_top_category </msg>
<msg timestamp="20231115 02:29:10.776" level="INFO">${result} = ((1, 'Black Men', 1), (2, 'Women', 1), (3, 'Kids', 1), (4, 'Electronics', 1), (5, 'Health and Household', 1))</msg>
<status status="PASS" starttime="20231115 02:29:10.771" endtime="20231115 02:29:10.776"/>
</kw>
<kw name="Log Many" library="BuiltIn">
<arg>${result}</arg>
<doc>Logs the given messages as separate entries using the INFO level.</doc>
<msg timestamp="20231115 02:29:10.778" level="INFO">((1, 'Black Men', 1), (2, 'Women', 1), (3, 'Kids', 1), (4, 'Electronics', 1), (5, 'Health and Household', 1))</msg>
<status status="PASS" starttime="20231115 02:29:10.777" endtime="20231115 02:29:10.778"/>
</kw>
<kw name="Should Be True" library="BuiltIn">
<arg>${result}</arg>
<doc>Fails if the given condition is not true.</doc>
<status status="PASS" starttime="20231115 02:29:10.779" endtime="20231115 02:29:10.780"/>
</kw>
<status status="PASS" starttime="20231115 02:29:10.769" endtime="20231115 02:29:10.782"/>
</test>
<test id="s1-t4" name="Test de recuperation des produits du panier" line="22">
<kw name="Query" library="DatabaseLibrary">
<var>${result}</var>
<arg>select * from tbl_order</arg>
<doc>Uses the input `selectStatement` to query for the values that will be returned as a list of tuples. Set optional
input `sansTran` to True to run command without an explicit transaction commit or rollback.
Set optional input `returnAsDict` to True to return values as a list of dictionaries.</doc>
<msg timestamp="20231115 02:29:10.787" level="INFO">Executing : Query  |  select * from tbl_order </msg>
<msg timestamp="20231115 02:29:10.794" level="INFO">${result} = ((1, 83, "Men's Ultra Cotton T-Shirt, Multipack", 'XL', 'Gray', '5', '19', '1647629329'), (2, 92, 'Travelpro Laptop Carry-on Travel Tote Bag', 'One Size for All', 'Midnight Blue', '1', '91', '16477985...</msg>
<status status="PASS" starttime="20231115 02:29:10.786" endtime="20231115 02:29:10.794"/>
</kw>
<kw name="Log Many" library="BuiltIn">
<arg>${result}</arg>
<doc>Logs the given messages as separate entries using the INFO level.</doc>
<msg timestamp="20231115 02:29:10.795" level="INFO">((1, 83, "Men's Ultra Cotton T-Shirt, Multipack", 'XL', 'Gray', '5', '19', '1647629329'), (2, 92, 'Travelpro Laptop Carry-on Travel Tote Bag', 'One Size for All', 'Midnight Blue', '1', '91', '1647798593'), (4, 101, 'Digital Infrared Thermometer for Adults and Kids', 'One Size for All', 'White', '1', '70', '1647799174'), (5, 94, 'WD 5TB Elements Portable External Hard Drive HDD', '5T', 'Black', '1', '149', '1647800902'))</msg>
<status status="PASS" starttime="20231115 02:29:10.795" endtime="20231115 02:29:10.796"/>
</kw>
<kw name="Should Be True" library="BuiltIn">
<arg>${result}</arg>
<doc>Fails if the given condition is not true.</doc>
<status status="PASS" starttime="20231115 02:29:10.806" endtime="20231115 02:29:10.808"/>
</kw>
<status status="PASS" starttime="20231115 02:29:10.785" endtime="20231115 02:29:10.824"/>
</test>
<test id="s1-t5" name="Test de recuperation des informations de payement" line="27">
<kw name="Query" library="DatabaseLibrary">
<var>${result}</var>
<arg>select * from tbl_payment</arg>
<doc>Uses the input `selectStatement` to query for the values that will be returned as a list of tuples. Set optional
input `sansTran` to True to run command without an explicit transaction commit or rollback.
Set optional input `returnAsDict` to True to return values as a list of dictionaries.</doc>
<msg timestamp="20231115 02:29:10.845" level="INFO">Executing : Query  |  select * from tbl_payment </msg>
<msg timestamp="20231115 02:29:10.856" level="INFO">${result} = ((51, 2, 'Chad N. Carney', 'chad@mail.com', '2022-03-18 22:48:49', '', 50, '', '', '', '', 'Transaction Id: CA01010158967840\r\nTransaction Date: 3/19/2022\r\nBank: WestView Bank, CA Branch\r\nSender ...</msg>
<status status="PASS" starttime="20231115 02:29:10.844" endtime="20231115 02:29:10.856"/>
</kw>
<kw name="Log Many" library="BuiltIn">
<arg>${result}</arg>
<doc>Logs the given messages as separate entries using the INFO level.</doc>
[...]
<doc>Uses the input `selectStatement` to query for the values that will be returned as a list of tuples. Set optional
input `sansTran` to True to run command without an explicit transaction commit or rollback.
Set optional input `returnAsDict` to True to return values as a list of dictionaries.</doc>
<msg timestamp="20231115 02:29:11.340" level="INFO">Executing : Query  |  select * from tbl_subscriber </msg>
<msg timestamp="20231115 02:29:11.356" level="INFO">${result} = ((1, 'ruth@mail.com', '2022-03-20', '2022-03-20 10:25:18', 'f4eabc1afed38a08da8d1c6e5fb42187', 1), (2, 'kimberly@mail.com', '2022-03-20', '2022-03-20 10:26:07', '61f3af9cac686555a4bff9e565f88c47', 1),...</msg>
<status status="PASS" starttime="20231115 02:29:11.340" endtime="20231115 02:29:11.356"/>
</kw>
<kw name="Should Be True" library="BuiltIn">
<arg>${result}</arg>
<doc>Fails if the given condition is not true.</doc>
<status status="PASS" starttime="20231115 02:29:11.357" endtime="20231115 02:29:11.358"/>
</kw>
<status status="PASS" starttime="20231115 02:29:11.307" endtime="20231115 02:29:11.359"/>
</test>
<test id="s1-t27" name="Test de suppression d'une categorie" line="139">
<kw name="Set Variable" library="BuiltIn">
<var>${result}</var>
<arg>DELETE FROM `tbl_top_category` WHERE `tbl_top_category`.`tcat_id` = 7</arg>
<doc>Returns the given values which can then be assigned to a variables.</doc>
<msg timestamp="20231115 02:29:11.362" level="INFO">${result} = DELETE FROM `tbl_top_category` WHERE `tbl_top_category`.`tcat_id` = 7</msg>
<status status="PASS" starttime="20231115 02:29:11.361" endtime="20231115 02:29:11.362"/>
</kw>
<kw name="Execute Sql String" library="DatabaseLibrary">
<arg>${result}</arg>
<doc>Executes the sqlString as SQL commands. Useful to pass arguments to your sql. Set optional input `sansTran` to
True to run command without an explicit transaction commit or rollback.</doc>
<msg timestamp="20231115 02:29:11.364" level="INFO">Executing : Execute SQL String  |  DELETE FROM `tbl_top_category` WHERE `tbl_top_category`.`tcat_id` = 7 </msg>
<status status="PASS" starttime="20231115 02:29:11.363" endtime="20231115 02:29:11.377"/>
</kw>
<kw name="Query" library="DatabaseLibrary">
<var>${result}</var>
<arg>select * from tbl_top_category</arg>
<doc>Uses the input `selectStatement` to query for the values that will be returned as a list of tuples. Set optional
input `sansTran` to True to run command without an explicit transaction commit or rollback.
Set optional input `returnAsDict` to True to return values as a list of dictionaries.</doc>
<msg timestamp="20231115 02:29:11.378" level="INFO">Executing : Query  |  select * from tbl_top_category </msg>
<msg timestamp="20231115 02:29:11.379" level="INFO">${result} = ((1, 'Black Men', 1), (2, 'Women', 1), (3, 'Kids', 1), (4, 'Electronics', 1), (5, 'Health and Household', 1))</msg>
<status status="PASS" starttime="20231115 02:29:11.378" endtime="20231115 02:29:11.380"/>
</kw>
<kw name="Should Be True" library="BuiltIn">
<arg>${result}</arg>
<doc>Fails if the given condition is not true.</doc>
<status status="PASS" starttime="20231115 02:29:11.382" endtime="20231115 02:29:11.383"/>
</kw>
<status status="PASS" starttime="20231115 02:29:11.360" endtime="20231115 02:29:11.384"/>
</test>
<test id="s1-t28" name="Test de suppression d'un produit du panier" line="144">
<kw name="Set Variable" library="BuiltIn">
<var>${result}</var>
<arg>DELETE FROM `tbl_order` WHERE `tbl_order`.`id` = 8</arg>
<doc>Returns the given values which can then be assigned to a variables.</doc>
<msg timestamp="20231115 02:29:11.387" level="INFO">${result} = DELETE FROM `tbl_order` WHERE `tbl_order`.`id` = 8</msg>
<status status="PASS" starttime="20231115 02:29:11.387" endtime="20231115 02:29:11.389"/>
</kw>
<kw name="Execute Sql String" library="DatabaseLibrary">
<arg>${result}</arg>
<doc>Executes the sqlString as SQL commands. Useful to pass arguments to your sql. Set optional input `sansTran` to
True to run command without an explicit transaction commit or rollback.</doc>
<msg timestamp="20231115 02:29:11.390" level="INFO">Executing : Execute SQL String  |  DELETE FROM `tbl_order` WHERE `tbl_order`.`id` = 8 </msg>
<status status="PASS" starttime="20231115 02:29:11.389" endtime="20231115 02:29:11.408"/>
</kw>
<kw name="Query" library="DatabaseLibrary">
<var>${result}</var>
<arg>select * from tbl_order</arg>
<doc>Uses the input `selectStatement` to query for the values that will be returned as a list of tuples. Set optional
input `sansTran` to True to run command without an explicit transaction commit or rollback.
Set optional input `returnAsDict` to True to return values as a list of dictionaries.</doc>
<msg timestamp="20231115 02:29:11.409" level="INFO">Executing : Query  |  select * from tbl_order </msg>
<msg timestamp="20231115 02:29:11.410" level="INFO">${result} = ((1, 83, "Men's Ultra Cotton T-Shirt, Multipack", 'XL', 'Gray', '5', '19', '1647629329'), (2, 92, 'Travelpro Laptop Carry-on Travel Tote Bag', 'One Size for All', 'Midnight Blue', '1', '91', '16477985...</msg>
<status status="PASS" starttime="20231115 02:29:11.408" endtime="20231115 02:29:11.411"/>
</kw>
<kw name="Should Be True" library="BuiltIn">
<arg>${result}</arg>
<doc>Fails if the given condition is not true.</doc>
<status status="PASS" starttime="20231115 02:29:11.411" endtime="20231115 02:29:11.412"/>
</kw>
<status status="PASS" starttime="20231115 02:29:11.386" endtime="20231115 02:29:11.421"/>
</test>
<test id="s1-t29" name="Test de supression d'une langue" line="149">
<kw name="Query" library="DatabaseLibrary">
<var>${result}</var>
<arg>select * from tbl_language</arg>
<doc>Uses the input `selectStatement` to query for the values that will be returned as a list of tuples. Set optional
input `sansTran` to True to run command without an explicit transaction commit or rollback.
Set optional input `returnAsDict` to True to return values as a list of dictionaries.</doc>
<msg timestamp="20231115 02:29:11.440" level="INFO">Executing : Query  |  select * from tbl_language </msg>
<msg timestamp="20231115 02:29:11.445" level="INFO">${result} = ((1, 'Currency', '$'), (2, 'Search Product', 'Search Product'), (3, 'Search', 'Search'), (4, 'Submit', 'Submit'), (5, 'Update', 'Update'), (6, 'Read More', 'Read More'), (7, 'Serial', 'Serial'), (8, '...</msg>
<status status="PASS" starttime="20231115 02:29:11.440" endtime="20231115 02:29:11.445"/>
</kw>
<kw name="Should Be True" library="BuiltIn">
<arg>${result}</arg>
<doc>Fails if the given condition is not true.</doc>
<status status="PASS" starttime="20231115 02:29:11.446" endtime="20231115 02:29:11.446"/>
</kw>
<status status="PASS" starttime="20231115 02:29:11.434" endtime="20231115 02:29:11.448"/>
</test>
<test id="s1-t30" name="Test de suppression d'un payement" line="152">
<kw name="Set Variable" library="BuiltIn">
<var>${result}</var>
<arg>DELETE FROM `tbl_payment` WHERE `tbl_payment`.`id` = 30</arg>
<doc>Returns the given values which can then be assigned to a variables.</doc>
<msg timestamp="20231115 02:29:11.453" level="INFO">${result} = DELETE FROM `tbl_payment` WHERE `tbl_payment`.`id` = 30</msg>
<status status="PASS" starttime="20231115 02:29:11.452" endtime="20231115 02:29:11.453"/>
</kw>
<kw name="Execute Sql String" library="DatabaseLibrary">
<arg>${result}</arg>
<doc>Executes the sqlString as SQL commands. Useful to pass arguments to your sql. Set optional input `sansTran` to
True to run command without an explicit transaction commit or rollback.</doc>
<msg timestamp="20231115 02:29:11.454" level="INFO">Executing : Execute SQL String  |  DELETE FROM `tbl_payment` WHERE `tbl_payment`.`id` = 30 </msg>
<status status="PASS" starttime="20231115 02:29:11.454" endtime="20231115 02:29:11.456"/>
</kw>
<kw name="Query" library="DatabaseLibrary">
<var>${result}</var>
<arg>select * from tbl_payment</arg>
<doc>Uses the input `selectStatement` to query for the values that will be returned as a list of tuples. Set optional
input `sansTran` to True to run command without an explicit transaction commit or rollback.
Set optional input `returnAsDict` to True to return values as a list of dictionaries.</doc>
<msg timestamp="20231115 02:29:11.457" level="INFO">Executing : Query  |  select * from tbl_payment </msg>
<msg timestamp="20231115 02:29:11.460" level="INFO">${result} = ((51, 2, 'Chad N. Carney', 'chad@mail.com', '2022-03-18 22:48:49', '', 50, '', '', '', '', 'Transaction Id: CA01010158967840\r\nTransaction Date: 3/19/2022\r\nBank: WestView Bank, CA Branch\r\nSender ...</msg>
<status status="PASS" starttime="20231115 02:29:11.457" endtime="20231115 02:29:11.461"/>
</kw>
<kw name="Should Be True" library="BuiltIn">
<arg>${result}</arg>
<doc>Fails if the given condition is not true.</doc>
<status status="PASS" starttime="20231115 02:29:11.461" endtime="20231115 02:29:11.462"/>
</kw>
<status status="PASS" starttime="20231115 02:29:11.451" endtime="20231115 02:29:11.463"/>
</test>
<test id="s1-t31" name="Test de suppression de commande" line="157">
<kw name="Query" library="DatabaseLibrary">
<var>${result}</var>
<arg>select * from tbl_order</arg>
<doc>Uses the input `selectStatement` to query for the values that will be returned as a list of tuples. Set optional
input `sansTran` to True to run command without an explicit transaction commit or rollback.
Set optional input `returnAsDict` to True to return values as a list of dictionaries.</doc>
<msg timestamp="20231115 02:29:11.469" level="INFO">Executing : Query  |  select * from tbl_order </msg>
<msg timestamp="20231115 02:29:11.473" level="INFO">${result} = ((1, 83, "Men's Ultra Cotton T-Shirt, Multipack", 'XL', 'Gray', '5', '19', '1647629329'), (2, 92, 'Travelpro Laptop Carry-on Travel Tote Bag', 'One Size for All', 'Midnight Blue', '1', '91', '16477985...</msg>
<status status="PASS" starttime="20231115 02:29:11.468" endtime="20231115 02:29:11.473"/>
</kw>
<kw name="Should Be True" library="BuiltIn">
<arg>${result}</arg>
<doc>Fails if the given condition is not true.</doc>
<status status="PASS" starttime="20231115 02:29:11.474" endtime="20231115 02:29:11.475"/>
</kw>
<status status="PASS" starttime="20231115 02:29:11.466" endtime="20231115 02:29:11.475"/>
</test>
<test id="s1-t32" name="Test de note d'un produit" line="160">
<kw name="Query" library="DatabaseLibrary">
<var>${result}</var>
<arg>select * from tbl_order</arg>
<doc>Uses the input `selectStatement` to query for the values that will be returned as a list of tuples. Set optional
input `sansTran` to True to run command without an explicit transaction commit or rollback.
Set optional input `returnAsDict` to True to return values as a list of dictionaries.</doc>
<msg timestamp="20231115 02:29:11.478" level="INFO">Executing : Query  |  select * from tbl_order </msg>
<msg timestamp="20231115 02:29:11.484" level="INFO">${result} = ((1, 83, "Men's Ultra Cotton T-Shirt, Multipack", 'XL', 'Gray', '5', '19', '1647629329'), (2, 92, 'Travelpro Laptop Carry-on Travel Tote Bag', 'One Size for All', 'Midnight Blue', '1', '91', '16477985...</msg>
<status status="PASS" starttime="20231115 02:29:11.478" endtime="20231115 02:29:11.484"/>
</kw>
<kw name="Should Be True" library="BuiltIn">
<arg>${result}</arg>
<doc>Fails if the given condition is not true.</doc>
<status status="PASS" starttime="20231115 02:29:11.487" endtime="20231115 02:29:11.489"/>
</kw>
<kw name="Query" library="DatabaseLibrary">
<var>${result}</var>
<arg>select * from tbl_rating</arg>
<doc>Uses the input `selectStatement` to query for the values that will be returned as a list of tuples. Set optional
input `sansTran` to True to run command without an explicit transaction commit or rollback.
Set optional input `returnAsDict` to True to return values as a list of dictionaries.</doc>
<msg timestamp="20231115 02:29:11.506" level="INFO">Executing : Query  |  select * from tbl_rating </msg>
<msg timestamp="20231115 02:29:11.517" level="INFO">${result} = ((1, 83, 110, 'Ce produit est d excellante qualités ', 5),)</msg>
<status status="PASS" starttime="20231115 02:29:11.493" endtime="20231115 02:29:11.517"/>
</kw>
<kw name="Should Be True" library="BuiltIn">
<arg>${result}</arg>
<doc>Fails if the given condition is not true.</doc>
<status status="PASS" starttime="20231115 02:29:11.518" endtime="20231115 02:29:11.519"/>
</kw>
<status status="PASS" starttime="20231115 02:29:11.476" endtime="20231115 02:29:11.519"/>
</test>
<test id="s1-t33" name="Test d'ajout d'un utilisateur existant" line="165">
<kw name="Query" library="DatabaseLibrary">
<var>${result}</var>
<arg>select * from tbl_order</arg>
<doc>Uses the input `selectStatement` to query for the values that will be returned as a list of tuples. Set optional
input `sansTran` to True to run command without an explicit transaction commit or rollback.
Set optional input `returnAsDict` to True to return values as a list of dictionaries.</doc>
<msg timestamp="20231115 02:29:11.522" level="INFO">Executing : Query  |  select * from tbl_order </msg>
<msg timestamp="20231115 02:29:11.537" level="INFO">${result} = ((1, 83, "Men's Ultra Cotton T-Shirt, Multipack", 'XL', 'Gray', '5', '19', '1647629329'), (2, 92, 'Travelpro Laptop Carry-on Travel Tote Bag', 'One Size for All', 'Midnight Blue', '1', '91', '16477985...</msg>
<status status="PASS" starttime="20231115 02:29:11.522" endtime="20231115 02:29:11.537"/>
</kw>
<kw name="Should Be True" library="BuiltIn">
<arg>${result}</arg>
<doc>Fails if the given condition is not true.</doc>
<status status="PASS" starttime="20231115 02:29:11.538" endtime="20231115 02:29:11.538"/>
</kw>
<status status="PASS" starttime="20231115 02:29:11.521" endtime="20231115 02:29:11.539"/>
</test>
<test id="s1-t34" name="Test d'ajout d'un produit erroné" line="169">
<kw name="Query" library="DatabaseLibrary">
<var>${result}</var>
<arg>select * from tbl_order</arg>
<doc>Uses the input `selectStatement` to query for the values that will be returned as a list of tuples. Set optional
input `sansTran` to True to run command without an explicit transaction commit or rollback.
Set optional input `returnAsDict` to True to return values as a list of dictionaries.</doc>
<msg timestamp="20231115 02:29:11.541" level="INFO">Executing : Query  |  select * from tbl_order </msg>
<msg timestamp="20231115 02:29:11.543" level="INFO">${result} = ((1, 83, "Men's Ultra Cotton T-Shirt, Multipack", 'XL', 'Gray', '5', '19', '1647629329'), (2, 92, 'Travelpro Laptop Carry-on Travel Tote Bag', 'One Size for All', 'Midnight Blue', '1', '91', '16477985...</msg>
<status status="PASS" starttime="20231115 02:29:11.541" endtime="20231115 02:29:11.544"/>
</kw>
<kw name="Should Be True" library="BuiltIn">
<arg>${result}</arg>
<doc>Fails if the given condition is not true.</doc>
<status status="PASS" starttime="20231115 02:29:11.545" endtime="20231115 02:29:11.546"/>
</kw>
<status status="PASS" starttime="20231115 02:29:11.540" endtime="20231115 02:29:11.557"/>
</test>
<test id="s1-t35" name="Test d'ajout d'une commande erronée" line="172">
<kw name="Query" library="DatabaseLibrary">
<var>${result}</var>
<arg>select * from tbl_order</arg>
<doc>Uses the input `selectStatement` to query for the values that will be returned as a list of tuples. Set optional
input `sansTran` to True to run command without an explicit transaction commit or rollback.
Set optional input `returnAsDict` to True to return values as a list of dictionaries.</doc>
<msg timestamp="20231115 02:29:11.573" level="INFO">Executing : Query  |  select * from tbl_order </msg>
<msg timestamp="20231115 02:29:11.577" level="INFO">${result} = ((1, 83, "Men's Ultra Cotton T-Shirt, Multipack", 'XL', 'Gray', '5', '19', '1647629329'), (2, 92, 'Travelpro Laptop Carry-on Travel Tote Bag', 'One Size for All', 'Midnight Blue', '1', '91', '16477985...</msg>
<status status="PASS" starttime="20231115 02:29:11.572" endtime="20231115 02:29:11.577"/>
</kw>
<kw name="Should Be True" library="BuiltIn">
<arg>${result}</arg>
<doc>Fails if the given condition is not true.</doc>
<status status="PASS" starttime="20231115 02:29:11.578" endtime="20231115 02:29:11.579"/>
</kw>
<status status="PASS" starttime="20231115 02:29:11.570" endtime="20231115 02:29:11.580"/>
</test>
<test id="s1-t36" name="Test d'ajout d'une categorie existante" line="175">
<kw name="Query" library="DatabaseLibrary">
<var>${result}</var>
<arg>select * from tbl_order</arg>
<doc>Uses the input `selectStatement` to query for the values that will be returned as a list of tuples. Set optional
input `sansTran` to True to run command without an explicit transaction commit or rollback.
Set optional input `returnAsDict` to True to return values as a list of dictionaries.</doc>
<msg timestamp="20231115 02:29:11.584" level="INFO">Executing : Query  |  select * from tbl_order </msg>
<msg timestamp="20231115 02:29:11.588" level="INFO">${result} = ((1, 83, "Men's Ultra Cotton T-Shirt, Multipack", 'XL', 'Gray', '5', '19', '1647629329'), (2, 92, 'Travelpro Laptop Carry-on Travel Tote Bag', 'One Size for All', 'Midnight Blue', '1', '91', '16477985...</msg>
<status status="PASS" starttime="20231115 02:29:11.584" endtime="20231115 02:29:11.588"/>
</kw>
<kw name="Should Be True" library="BuiltIn">
<arg>${result}</arg>
<doc>Fails if the given condition is not true.</doc>
<status status="PASS" starttime="20231115 02:29:11.589" endtime="20231115 02:29:11.590"/>
</kw>
<status status="PASS" starttime="20231115 02:29:11.582" endtime="20231115 02:29:11.591"/>
</test>
<test id="s1-t37" name="Test de montée en charge" line="178">
<kw name="Query" library="DatabaseLibrary">
<var>${result}</var>
<arg>select * from tbl_order</arg>
<doc>Uses the input `selectStatement` to query for the values that will be returned as a list of tuples. Set optional
input `sansTran` to True to run command without an explicit transaction commit or rollback.
Set optional input `returnAsDict` to True to return values as a list of dictionaries.</doc>
<msg timestamp="20231115 02:29:11.593" level="INFO">Executing : Query  |  select * from tbl_order </msg>
<msg timestamp="20231115 02:29:11.607" level="INFO">${result} = ((1, 83, "Men's Ultra Cotton T-Shirt, Multipack", 'XL', 'Gray', '5', '19', '1647629329'), (2, 92, 'Travelpro Laptop Carry-on Travel Tote Bag', 'One Size for All', 'Midnight Blue', '1', '91', '16477985...</msg>
<status status="PASS" starttime="20231115 02:29:11.593" endtime="20231115 02:29:11.607"/>
</kw>
<kw name="Should Be True" library="BuiltIn">
<arg>${result}</arg>
<doc>Fails if the given condition is not true.</doc>
<status status="PASS" starttime="20231115 02:29:11.608" endtime="20231115 02:29:11.609"/>
</kw>
<status status="PASS" starttime="20231115 02:29:11.592" endtime="20231115 02:29:11.609"/>
</test>
<test id="s1-t38" name="Test de fermeture de la base de données" line="181">
<kw name="Disconnect From Database" library="DatabaseLibrary">
<doc>Disconnects from the database.
By default it's not an error if there was no open database connection -
suitable for usage as a teardown.
However you can enforce it using the `error_if_no_connection` parameter.</doc>
<msg timestamp="20231115 02:29:11.612" level="INFO">Executing : Disconnect From Database</msg>
<status status="PASS" starttime="20231115 02:29:11.612" endtime="20231115 02:29:11.612"/>
</kw>
<status status="PASS" starttime="20231115 02:29:11.610" endtime="20231115 02:29:11.613"/>
</test>
<status status="PASS" starttime="20231115 02:29:09.469" endtime="20231115 02:29:11.616"/>
</suite>
<statistics>
<total>
<stat pass="38" fail="0" skip="0">All Tests</stat>
</total>
<tag>
</tag>
<suite>
<stat pass="38" fail="0" skip="0" id="s1" name="Main">Main</stat>
</suite>
</statistics>
<errors>
<msg timestamp="20231115 02:29:10.455" level="ERROR">Error in file 'c:\Users\Acern\ecommerce-test\backend_test\test\main.robot' on line 6: Invalid resource file extension '.py'. Supported extensions are '.json', '.resource', '.rest', '.robot', '.rsrc', '.rst', '.tsv' and '.txt'.</msg>
</errors>
</robot>
